2020-07-19 23:58:16,821  listen start at Sun Jul 19 23:58:16 2020
2020-08-24 18:18:58,010  listen start at Mon Aug 24 18:18:58 2020
2020-08-24 18:28:32,991  listen start at Mon Aug 24 18:28:32 2020
2020-08-24 18:34:55,781  listen start at Mon Aug 24 18:34:55 2020
2020-08-24 18:35:09,019  1 1 1
2020-08-24 18:35:10,188  2 2 2
2020-08-24 18:35:10,863  3 3 3
2020-08-24 18:35:11,474  4 4 4
2020-08-24 18:35:12,034  5 5 5
2020-08-24 18:35:12,616  6 6 6
2020-08-24 18:35:13,209  7 7 7
2020-08-24 18:35:13,779  8 8 8
2020-08-24 18:35:14,369  9 9 9
2020-08-24 18:35:14,926  10 10 10
2020-08-24 18:35:15,529  11 11 11
2020-08-24 18:35:16,079  12 12 12
2020-08-24 18:35:16,656  13 13 13
2020-08-24 18:35:17,224  14 14 14
2020-08-24 18:35:17,788  15 15 15
2020-08-24 18:35:18,348  16 16 16
2020-08-24 18:35:18,911  17 17 17
2020-08-24 18:35:19,470  18 18 18
2020-08-24 18:35:20,021  19 19 19
2020-08-24 18:35:20,576  20 20 20
2020-08-24 18:35:21,138  21 21 21
2020-08-24 18:35:21,694  22 22 22
2020-08-24 18:35:22,250  23 23 23
2020-08-24 18:35:23,144  24 24 24
2020-08-24 18:35:23,655  25 25 25
2020-08-24 18:35:24,202  26 26 26
2020-08-24 18:35:24,822  27 27 27
2020-08-24 18:35:25,344  28 28 28
2020-08-24 18:35:25,966  29 29 29
2020-08-24 18:35:26,523  30 30 30
2020-08-24 18:35:27,074  31 31 31
2020-08-24 18:35:27,579  32 32 32
2020-08-24 18:35:28,234  33 33 33
2020-08-24 18:35:28,802  34 34 34
2020-08-24 18:35:29,360  35 35 35
2020-08-24 18:35:29,924  36 36 36
2020-08-24 18:35:30,554  37 37 37
2020-08-24 18:35:31,123  38 38 38
2020-08-24 18:35:31,685  39 39 39
2020-08-24 18:35:32,241  40 40 40
2020-08-24 18:35:32,837  41 41 41
2020-08-24 18:35:33,371  42 42 42
2020-08-24 18:35:33,920  43 43 43
2020-08-24 18:35:34,465  44 44 44
2020-08-24 18:35:35,030  45 45 45
2020-08-24 18:35:35,581  46 46 46
2020-08-24 18:35:36,128  47 47 47
2020-08-24 18:35:36,675  48 48 48
2020-08-24 18:35:37,227  49 49 49
2020-08-24 18:35:37,769  50 50 50
2020-08-24 18:35:38,375  51 51 51
2020-08-24 18:35:38,923  52 52 52
2020-08-24 18:35:39,531  53 53 53
2020-08-24 18:35:40,072  54 54 54
2020-08-24 18:35:40,618  55 55 55
2020-08-24 18:35:41,164  56 56 56
2020-08-24 18:35:41,727  57 57 57
2020-08-24 18:35:42,277  58 58 58
2020-08-24 18:35:42,824  59 59 59
2020-08-24 18:35:43,380  60 60 60
2020-08-24 18:35:43,931  61 61 61
2020-08-24 18:35:44,493  62 62 62
2020-08-24 18:35:45,043  63 63 63
2020-08-24 18:35:45,595  64 64 64
2020-08-24 18:35:46,138  65 65 65
2020-08-24 18:35:46,690  66 66 66
2020-08-24 18:35:47,237  67 67 67
2020-08-24 18:35:47,801  68 68 68
2020-08-24 18:35:48,348  69 69 69
2020-08-24 18:35:48,895  70 70 70
2020-08-24 18:35:49,440  71 71 71
2020-08-24 18:35:49,994  72 72 72
2020-08-24 18:35:50,545  73 73 73
2020-08-24 18:35:51,095  74 74 74
2020-08-24 18:35:51,642  75 75 75
2020-08-24 18:35:52,193  76 76 76
2020-08-24 18:35:52,752  77 77 77
2020-08-24 18:35:53,297  78 78 78
2020-08-24 18:35:53,845  79 79 79
2020-08-24 18:35:54,385  80 80 80
2020-08-24 18:35:54,937  81 81 81
2020-08-24 18:35:55,507  82 82 82
2020-08-24 18:35:56,054  83 83 83
2020-08-24 18:35:56,603  84 84 84
2020-08-24 18:35:57,171  85 85 85
2020-08-24 18:35:57,739  86 86 86
2020-08-24 18:35:58,322  87 87 87
2020-08-24 18:35:58,895  88 88 88
2020-08-24 18:35:59,444  89 89 89
2020-08-24 18:35:59,989  90 90 90
2020-08-24 18:36:00,589  91 91 91
2020-08-24 18:36:01,152  92 92 92
2020-08-24 18:36:01,706  93 93 93
2020-08-24 18:36:02,268  94 94 94
2020-08-24 18:36:02,818  95 95 95
2020-08-24 18:36:03,377  96 96 96
2020-08-24 18:36:03,936  97 97 97
2020-08-24 18:36:04,511  98 98 98
2020-08-24 18:36:05,083  99 99 99
2020-08-24 18:36:05,635  100 100 100
2020-08-24 18:36:06,203  101 101 101
2020-08-24 18:36:06,811  102 102 102
2020-08-24 18:36:07,386  103 103 103
2020-08-24 18:36:07,932  104 104 104
2020-08-24 18:36:08,505  105 105 105
2020-08-24 18:36:09,049  106 106 106
2020-08-24 18:36:09,592  107 107 107
2020-08-24 18:36:10,150  108 108 108
2020-08-24 18:36:10,695  109 109 109
2020-08-24 18:36:11,243  110 110 110
2020-08-24 18:36:11,790  111 111 111
2020-08-24 18:36:12,330  112 112 112
2020-08-24 18:36:12,896  113 113 113
2020-08-24 18:36:13,478  114 114 114
2020-08-24 18:36:14,098  115 115 115
2020-08-24 18:36:14,669  116 116 116
2020-08-24 18:36:15,228  117 117 117
2020-08-24 18:36:15,820  118 118 118
2020-08-24 18:36:16,365  119 119 119
2020-08-24 18:36:16,927  120 120 120
2020-08-24 18:36:17,499  121 121 121
2020-08-24 18:36:18,073  122 122 122
2020-08-24 18:36:18,620  123 123 123
2020-08-24 18:36:19,159  124 124 124
2020-08-24 18:36:19,703  125 125 125
2020-08-24 18:36:20,245  126 126 126
2020-08-24 18:36:20,801  127 127 127
2020-08-24 18:36:21,349  128 128 128
2020-08-24 18:36:21,887  129 129 129
2020-08-24 18:36:22,431  130 130 130
2020-08-24 18:36:22,979  131 131 131
2020-08-24 18:36:23,529  132 132 132
2020-08-24 18:36:24,071  133 133 133
2020-08-24 18:36:24,653  134 134 134
2020-08-24 18:36:25,210  135 135 135
2020-08-24 18:36:25,765  136 136 136
2020-08-24 18:36:26,350  137 137 137
2020-08-24 18:36:26,910  138 138 138
2020-08-24 18:36:27,467  139 139 139
2020-08-24 18:36:28,021  140 140 140
2020-08-24 18:36:28,559  141 141 141
2020-08-24 18:36:29,104  142 142 142
2020-08-24 18:36:29,642  143 143 143
2020-08-24 18:36:30,180  144 144 144
2020-08-24 18:36:30,731  145 145 145
2020-08-24 18:36:31,275  146 146 146
2020-08-24 18:36:31,825  147 147 147
2020-08-24 18:36:32,371  148 148 148
2020-08-24 18:36:32,912  149 149 149
2020-08-24 18:36:33,460  150 150 150
2020-08-24 18:36:34,005  151 151 151
2020-08-24 18:36:34,546  152 152 152
2020-08-24 18:36:35,091  153 153 153
2020-08-24 18:36:35,652  154 154 154
2020-08-24 18:36:36,191  155 155 155
2020-08-24 18:36:36,746  156 156 156
2020-08-24 18:36:37,297  157 157 157
2020-08-24 18:36:37,841  158 158 158
2020-08-24 18:36:38,391  159 159 159
2020-08-24 18:36:38,935  160 160 160
2020-08-24 18:36:39,487  161 161 161
2020-08-24 18:36:40,027  162 162 162
2020-08-24 18:36:40,578  163 163 163
2020-08-24 18:36:41,139  164 164 164
2020-08-24 18:36:41,694  165 165 165
2020-08-24 18:36:42,245  166 166 166
2020-08-24 18:36:42,797  167 167 167
2020-08-24 18:36:43,362  168 168 168
2020-08-24 18:36:43,918  169 169 169
2020-08-24 18:36:44,494  170 170 170
2020-08-24 18:36:45,027  171 171 171
2020-08-24 18:36:45,616  172 172 172
2020-08-24 18:36:46,204  173 173 173
2020-08-24 18:36:46,748  174 174 174
2020-08-24 18:36:47,343  175 175 175
2020-08-24 18:36:47,940  176 176 176
2020-08-24 18:36:48,489  177 177 177
2020-08-24 18:36:49,026  178 178 178
2020-08-24 18:36:49,564  179 179 179
2020-08-24 18:36:50,102  180 180 180
2020-08-24 18:36:50,658  181 181 181
2020-08-24 18:36:51,201  182 182 182
2020-08-24 18:36:51,746  183 183 183
2020-08-24 18:36:52,290  184 184 184
2020-08-24 18:36:52,825  185 185 185
2020-08-24 18:36:53,364  186 186 186
2020-08-24 18:36:53,910  187 187 187
2020-08-24 18:36:54,454  188 188 188
2020-08-24 18:36:54,998  189 189 189
2020-08-24 18:36:55,539  190 190 190
2020-08-24 18:36:56,088  191 191 191
2020-08-24 18:36:56,636  192 192 192
2020-08-24 18:36:57,163  193 193 193
2020-08-24 18:36:57,714  194 194 194
2020-08-24 18:36:58,255  195 195 195
2020-08-24 18:36:58,809  196 196 196
2020-08-24 18:36:59,350  197 197 197
2020-08-24 18:36:59,885  198 198 198
2020-08-24 18:37:00,427  199 199 199
2020-08-24 18:37:00,972  200 200 200
2020-08-24 18:37:01,513  201 201 201
2020-08-24 18:37:02,050  202 202 202
2020-08-24 18:37:02,594  203 203 203
2020-08-24 18:37:04,729  204 204 204
2020-08-24 18:37:08,966  205 205 205
2020-08-24 18:37:10,420  206 206 206
2020-08-24 18:37:10,963  207 207 207
2020-08-24 18:37:11,599  208 208 208
2020-08-24 18:37:12,221  209 209 209
2020-08-24 18:37:12,796  210 210 210
2020-08-24 18:37:13,651  211 211 211
2020-08-24 18:37:14,218  212 212 212
2020-08-24 18:37:14,838  213 213 213
2020-08-24 18:37:15,415  214 214 214
2020-08-24 18:37:15,985  215 215 215
2020-08-24 18:37:16,631  216 216 216
2020-08-24 18:37:17,256  217 217 217
2020-08-24 18:37:17,904  218 218 218
2020-08-24 18:37:18,640  219 219 219
2020-08-24 18:37:19,281  220 220 220
2020-08-24 18:37:20,020  221 221 221
2020-08-24 18:37:20,808  222 222 222
2020-08-24 18:37:21,389  223 223 223
2020-08-24 18:37:21,935  224 224 224
2020-08-24 18:37:22,508  225 225 225
2020-08-24 18:37:23,188  226 226 226
2020-08-24 18:37:23,760  227 227 227
2020-08-24 18:37:24,354  228 228 228
2020-08-24 18:37:26,287  229 229 229
2020-08-24 18:37:27,409  230 230 230
2020-08-24 18:37:27,957  231 231 231
2020-08-24 18:37:28,502  232 232 232
2020-08-24 18:37:29,494  233 233 233
2020-08-24 18:37:30,435  234 234 234
2020-08-24 18:37:31,031  235 235 235
2020-08-24 18:37:31,578  236 236 236
2020-08-24 18:37:32,125  237 237 237
2020-08-24 18:37:32,690  238 238 238
2020-08-24 18:37:33,250  239 239 239
2020-08-24 18:37:33,802  240 240 240
2020-08-24 18:37:34,354  241 241 241
2020-08-24 18:37:34,912  242 242 242
2020-08-24 18:37:35,469  243 243 243
2020-08-24 18:37:36,023  244 244 244
2020-08-24 18:37:36,585  245 245 245
2020-08-24 18:37:37,139  246 246 246
2020-08-24 18:37:37,695  247 247 247
2020-08-24 18:37:38,256  248 248 248
2020-08-24 18:37:38,817  249 249 249
2020-08-24 18:37:39,382  250 250 250
2020-08-24 18:37:39,950  251 251 251
2020-08-24 18:37:40,518  252 252 252
2020-08-24 18:37:41,079  253 253 253
2020-08-24 18:37:41,638  254 254 254
2020-08-24 18:37:42,211  255 255 255
2020-08-24 18:37:42,776  256 256 256
2020-08-24 18:37:43,335  257 257 257
2020-08-24 18:37:43,892  258 258 258
2020-08-24 18:37:44,460  259 259 259
2020-08-24 18:37:45,023  260 260 260
2020-08-24 18:37:45,584  261 261 261
2020-08-24 18:37:48,220  Signal R2S1 prediction takes 2.0841870307922363
2020-08-24 18:37:49,232  Signal R2S2 prediction takes 1.0109405517578125
2020-08-24 18:37:50,182  Signal R2S3 prediction takes 0.949575662612915
2020-08-24 18:37:50,184  prior_idx3 count261
2020-08-24 18:37:50,185  262 262 262
2020-08-24 18:37:50,496  Signal R2S1 prediction takes 0.3104429244995117
2020-08-24 18:37:50,801  Signal R2S2 prediction takes 0.3042612075805664
2020-08-26 10:55:07,441  listen start at Wed Aug 26 10:55:07 2020
2020-08-26 10:55:07,441  listen start at Wed Aug 26 10:55:07 2020
2020-08-26 10:55:07,441  listen start at Wed Aug 26 10:55:07 2020
2020-08-26 10:55:07,441  listen start at Wed Aug 26 10:55:07 2020
2020-08-26 10:57:42,250  listen start at Wed Aug 26 10:57:42 2020
2020-08-26 10:57:42,250  listen start at Wed Aug 26 10:57:42 2020
2020-08-26 10:57:42,250  listen start at Wed Aug 26 10:57:42 2020
2020-08-26 10:57:42,250  listen start at Wed Aug 26 10:57:42 2020
2020-08-26 10:57:42,250  listen start at Wed Aug 26 10:57:42 2020
2020-08-26 10:57:55,142  1 1 1
2020-08-26 10:57:55,142  1 1 1
2020-08-26 10:57:55,142  1 1 1
2020-08-26 10:57:55,142  1 1 1
2020-08-26 10:57:55,142  1 1 1
2020-08-26 10:57:56,397  2 2 2
2020-08-26 10:57:56,397  2 2 2
2020-08-26 10:57:56,397  2 2 2
2020-08-26 10:57:56,397  2 2 2
2020-08-26 10:57:56,397  2 2 2
2020-08-26 10:57:56,984  3 3 3
2020-08-26 10:57:56,984  3 3 3
2020-08-26 10:57:56,984  3 3 3
2020-08-26 10:57:56,984  3 3 3
2020-08-26 10:57:56,984  3 3 3
2020-08-26 10:57:57,534  4 4 4
2020-08-26 10:57:57,534  4 4 4
2020-08-26 10:57:57,534  4 4 4
2020-08-26 10:57:57,534  4 4 4
2020-08-26 10:57:57,534  4 4 4
2020-08-26 10:57:58,088  5 5 5
2020-08-26 10:57:58,088  5 5 5
2020-08-26 10:57:58,088  5 5 5
2020-08-26 10:57:58,088  5 5 5
2020-08-26 10:57:58,088  5 5 5
2020-08-26 10:57:58,683  6 6 6
2020-08-26 10:57:58,683  6 6 6
2020-08-26 10:57:58,683  6 6 6
2020-08-26 10:57:58,683  6 6 6
2020-08-26 10:57:58,683  6 6 6
2020-08-26 10:57:59,274  7 7 7
2020-08-26 10:57:59,274  7 7 7
2020-08-26 10:57:59,274  7 7 7
2020-08-26 10:57:59,274  7 7 7
2020-08-26 10:57:59,274  7 7 7
2020-08-26 10:57:59,843  8 8 8
2020-08-26 10:57:59,843  8 8 8
2020-08-26 10:57:59,843  8 8 8
2020-08-26 10:57:59,843  8 8 8
2020-08-26 10:57:59,843  8 8 8
2020-08-26 10:58:00,414  9 9 9
2020-08-26 10:58:00,414  9 9 9
2020-08-26 10:58:00,414  9 9 9
2020-08-26 10:58:00,414  9 9 9
2020-08-26 10:58:00,414  9 9 9
2020-08-26 10:58:00,973  10 10 10
2020-08-26 10:58:00,973  10 10 10
2020-08-26 10:58:00,973  10 10 10
2020-08-26 10:58:00,973  10 10 10
2020-08-26 10:58:00,973  10 10 10
2020-08-26 10:58:01,540  11 11 11
2020-08-26 10:58:01,540  11 11 11
2020-08-26 10:58:01,540  11 11 11
2020-08-26 10:58:01,540  11 11 11
2020-08-26 10:58:01,540  11 11 11
2020-08-26 10:58:02,093  12 12 12
2020-08-26 10:58:02,093  12 12 12
2020-08-26 10:58:02,093  12 12 12
2020-08-26 10:58:02,093  12 12 12
2020-08-26 10:58:02,093  12 12 12
2020-08-26 10:58:02,662  13 13 13
2020-08-26 10:58:02,662  13 13 13
2020-08-26 10:58:02,662  13 13 13
2020-08-26 10:58:02,662  13 13 13
2020-08-26 10:58:02,662  13 13 13
2020-08-26 10:58:03,219  14 14 14
2020-08-26 10:58:03,219  14 14 14
2020-08-26 10:58:03,219  14 14 14
2020-08-26 10:58:03,219  14 14 14
2020-08-26 10:58:03,219  14 14 14
2020-08-26 10:58:03,811  15 15 15
2020-08-26 10:58:03,811  15 15 15
2020-08-26 10:58:03,811  15 15 15
2020-08-26 10:58:03,811  15 15 15
2020-08-26 10:58:03,811  15 15 15
2020-08-26 10:58:04,384  16 16 16
2020-08-26 10:58:04,384  16 16 16
2020-08-26 10:58:04,384  16 16 16
2020-08-26 10:58:04,384  16 16 16
2020-08-26 10:58:04,384  16 16 16
2020-08-26 10:58:04,950  17 17 17
2020-08-26 10:58:04,950  17 17 17
2020-08-26 10:58:04,950  17 17 17
2020-08-26 10:58:04,950  17 17 17
2020-08-26 10:58:04,950  17 17 17
2020-08-26 10:58:05,516  18 18 18
2020-08-26 10:58:05,516  18 18 18
2020-08-26 10:58:05,516  18 18 18
2020-08-26 10:58:05,516  18 18 18
2020-08-26 10:58:05,516  18 18 18
2020-08-26 10:58:06,069  19 19 19
2020-08-26 10:58:06,069  19 19 19
2020-08-26 10:58:06,069  19 19 19
2020-08-26 10:58:06,069  19 19 19
2020-08-26 10:58:06,069  19 19 19
2020-08-26 10:58:06,621  20 20 20
2020-08-26 10:58:06,621  20 20 20
2020-08-26 10:58:06,621  20 20 20
2020-08-26 10:58:06,621  20 20 20
2020-08-26 10:58:06,621  20 20 20
2020-08-26 10:58:07,179  21 21 21
2020-08-26 10:58:07,179  21 21 21
2020-08-26 10:58:07,179  21 21 21
2020-08-26 10:58:07,179  21 21 21
2020-08-26 10:58:07,179  21 21 21
2020-08-26 10:58:07,739  22 22 22
2020-08-26 10:58:07,739  22 22 22
2020-08-26 10:58:07,739  22 22 22
2020-08-26 10:58:07,739  22 22 22
2020-08-26 10:58:07,739  22 22 22
2020-08-26 10:58:08,284  23 23 23
2020-08-26 10:58:08,284  23 23 23
2020-08-26 10:58:08,284  23 23 23
2020-08-26 10:58:08,284  23 23 23
2020-08-26 10:58:08,284  23 23 23
2020-08-26 10:58:09,171  24 24 24
2020-08-26 10:58:09,171  24 24 24
2020-08-26 10:58:09,171  24 24 24
2020-08-26 10:58:09,171  24 24 24
2020-08-26 10:58:09,171  24 24 24
2020-08-26 10:58:09,678  25 25 25
2020-08-26 10:58:09,678  25 25 25
2020-08-26 10:58:09,678  25 25 25
2020-08-26 10:58:09,678  25 25 25
2020-08-26 10:58:09,678  25 25 25
2020-08-26 10:58:10,223  26 26 26
2020-08-26 10:58:10,223  26 26 26
2020-08-26 10:58:10,223  26 26 26
2020-08-26 10:58:10,223  26 26 26
2020-08-26 10:58:10,223  26 26 26
2020-08-26 10:58:10,789  27 27 27
2020-08-26 10:58:10,789  27 27 27
2020-08-26 10:58:10,789  27 27 27
2020-08-26 10:58:10,789  27 27 27
2020-08-26 10:58:10,789  27 27 27
2020-08-26 10:58:11,300  28 28 28
2020-08-26 10:58:11,300  28 28 28
2020-08-26 10:58:11,300  28 28 28
2020-08-26 10:58:11,300  28 28 28
2020-08-26 10:58:11,300  28 28 28
2020-08-26 10:58:11,845  29 29 29
2020-08-26 10:58:11,845  29 29 29
2020-08-26 10:58:11,845  29 29 29
2020-08-26 10:58:11,845  29 29 29
2020-08-26 10:58:11,845  29 29 29
2020-08-26 10:58:12,398  30 30 30
2020-08-26 10:58:12,398  30 30 30
2020-08-26 10:58:12,398  30 30 30
2020-08-26 10:58:12,398  30 30 30
2020-08-26 10:58:12,398  30 30 30
2020-08-26 10:58:12,904  31 31 31
2020-08-26 10:58:12,904  31 31 31
2020-08-26 10:58:12,904  31 31 31
2020-08-26 10:58:12,904  31 31 31
2020-08-26 10:58:12,904  31 31 31
2020-08-26 10:58:13,519  32 32 32
2020-08-26 10:58:13,519  32 32 32
2020-08-26 10:58:13,519  32 32 32
2020-08-26 10:58:13,519  32 32 32
2020-08-26 10:58:13,519  32 32 32
2020-08-26 10:58:14,082  33 33 33
2020-08-26 10:58:14,082  33 33 33
2020-08-26 10:58:14,082  33 33 33
2020-08-26 10:58:14,082  33 33 33
2020-08-26 10:58:14,082  33 33 33
2020-08-26 10:58:14,648  34 34 34
2020-08-26 10:58:14,648  34 34 34
2020-08-26 10:58:14,648  34 34 34
2020-08-26 10:58:14,648  34 34 34
2020-08-26 10:58:14,648  34 34 34
2020-08-26 10:58:15,195  35 35 35
2020-08-26 10:58:15,195  35 35 35
2020-08-26 10:58:15,195  35 35 35
2020-08-26 10:58:15,195  35 35 35
2020-08-26 10:58:15,195  35 35 35
2020-08-26 10:58:15,786  36 36 36
2020-08-26 10:58:15,786  36 36 36
2020-08-26 10:58:15,786  36 36 36
2020-08-26 10:58:15,786  36 36 36
2020-08-26 10:58:15,786  36 36 36
2020-08-26 10:58:16,350  37 37 37
2020-08-26 10:58:16,350  37 37 37
2020-08-26 10:58:16,350  37 37 37
2020-08-26 10:58:16,350  37 37 37
2020-08-26 10:58:16,350  37 37 37
2020-08-26 10:58:16,900  38 38 38
2020-08-26 10:58:16,900  38 38 38
2020-08-26 10:58:16,900  38 38 38
2020-08-26 10:58:16,900  38 38 38
2020-08-26 10:58:16,900  38 38 38
2020-08-26 10:58:17,443  39 39 39
2020-08-26 10:58:17,443  39 39 39
2020-08-26 10:58:17,443  39 39 39
2020-08-26 10:58:17,443  39 39 39
2020-08-26 10:58:17,443  39 39 39
2020-08-26 10:58:18,024  40 40 40
2020-08-26 10:58:18,024  40 40 40
2020-08-26 10:58:18,024  40 40 40
2020-08-26 10:58:18,024  40 40 40
2020-08-26 10:58:18,024  40 40 40
2020-08-26 10:58:18,596  41 41 41
2020-08-26 10:58:18,596  41 41 41
2020-08-26 10:58:18,596  41 41 41
2020-08-26 10:58:18,596  41 41 41
2020-08-26 10:58:18,596  41 41 41
2020-08-26 10:58:19,152  42 42 42
2020-08-26 10:58:19,152  42 42 42
2020-08-26 10:58:19,152  42 42 42
2020-08-26 10:58:19,152  42 42 42
2020-08-26 10:58:19,152  42 42 42
2020-08-26 10:58:19,709  43 43 43
2020-08-26 10:58:19,709  43 43 43
2020-08-26 10:58:19,709  43 43 43
2020-08-26 10:58:19,709  43 43 43
2020-08-26 10:58:19,709  43 43 43
2020-08-26 10:58:20,260  44 44 44
2020-08-26 10:58:20,260  44 44 44
2020-08-26 10:58:20,260  44 44 44
2020-08-26 10:58:20,260  44 44 44
2020-08-26 10:58:20,260  44 44 44
2020-08-26 10:58:20,818  45 45 45
2020-08-26 10:58:20,818  45 45 45
2020-08-26 10:58:20,818  45 45 45
2020-08-26 10:58:20,818  45 45 45
2020-08-26 10:58:20,818  45 45 45
2020-08-26 10:58:21,366  46 46 46
2020-08-26 10:58:21,366  46 46 46
2020-08-26 10:58:21,366  46 46 46
2020-08-26 10:58:21,366  46 46 46
2020-08-26 10:58:21,366  46 46 46
2020-08-26 10:58:21,902  47 47 47
2020-08-26 10:58:21,902  47 47 47
2020-08-26 10:58:21,902  47 47 47
2020-08-26 10:58:21,902  47 47 47
2020-08-26 10:58:21,902  47 47 47
2020-08-26 10:58:22,453  48 48 48
2020-08-26 10:58:22,453  48 48 48
2020-08-26 10:58:22,453  48 48 48
2020-08-26 10:58:22,453  48 48 48
2020-08-26 10:58:22,453  48 48 48
2020-08-26 10:58:23,014  49 49 49
2020-08-26 10:58:23,014  49 49 49
2020-08-26 10:58:23,014  49 49 49
2020-08-26 10:58:23,014  49 49 49
2020-08-26 10:58:23,014  49 49 49
2020-08-26 10:58:23,567  50 50 50
2020-08-26 10:58:23,567  50 50 50
2020-08-26 10:58:23,567  50 50 50
2020-08-26 10:58:23,567  50 50 50
2020-08-26 10:58:23,567  50 50 50
2020-08-26 10:58:24,145  51 51 51
2020-08-26 10:58:24,145  51 51 51
2020-08-26 10:58:24,145  51 51 51
2020-08-26 10:58:24,145  51 51 51
2020-08-26 10:58:24,145  51 51 51
2020-08-26 10:58:24,696  52 52 52
2020-08-26 10:58:24,696  52 52 52
2020-08-26 10:58:24,696  52 52 52
2020-08-26 10:58:24,696  52 52 52
2020-08-26 10:58:24,696  52 52 52
2020-08-26 10:58:25,248  53 53 53
2020-08-26 10:58:25,248  53 53 53
2020-08-26 10:58:25,248  53 53 53
2020-08-26 10:58:25,248  53 53 53
2020-08-26 10:58:25,248  53 53 53
2020-08-26 10:58:25,802  54 54 54
2020-08-26 10:58:25,802  54 54 54
2020-08-26 10:58:25,802  54 54 54
2020-08-26 10:58:25,802  54 54 54
2020-08-26 10:58:25,802  54 54 54
2020-08-26 10:58:26,358  55 55 55
2020-08-26 10:58:26,358  55 55 55
2020-08-26 10:58:26,358  55 55 55
2020-08-26 10:58:26,358  55 55 55
2020-08-26 10:58:26,358  55 55 55
2020-08-26 10:58:26,906  56 56 56
2020-08-26 10:58:26,906  56 56 56
2020-08-26 10:58:26,906  56 56 56
2020-08-26 10:58:26,906  56 56 56
2020-08-26 10:58:26,906  56 56 56
2020-08-26 10:58:27,450  57 57 57
2020-08-26 10:58:27,450  57 57 57
2020-08-26 10:58:27,450  57 57 57
2020-08-26 10:58:27,450  57 57 57
2020-08-26 10:58:27,450  57 57 57
2020-08-26 10:58:27,995  58 58 58
2020-08-26 10:58:27,995  58 58 58
2020-08-26 10:58:27,995  58 58 58
2020-08-26 10:58:27,995  58 58 58
2020-08-26 10:58:27,995  58 58 58
2020-08-26 10:58:28,523  59 59 59
2020-08-26 10:58:28,523  59 59 59
2020-08-26 10:58:28,523  59 59 59
2020-08-26 10:58:28,523  59 59 59
2020-08-26 10:58:28,523  59 59 59
2020-08-26 10:58:29,071  60 60 60
2020-08-26 10:58:29,071  60 60 60
2020-08-26 10:58:29,071  60 60 60
2020-08-26 10:58:29,071  60 60 60
2020-08-26 10:58:29,071  60 60 60
2020-08-26 10:58:29,613  61 61 61
2020-08-26 10:58:29,613  61 61 61
2020-08-26 10:58:29,613  61 61 61
2020-08-26 10:58:29,613  61 61 61
2020-08-26 10:58:29,613  61 61 61
2020-08-26 10:58:30,162  62 62 62
2020-08-26 10:58:30,162  62 62 62
2020-08-26 10:58:30,162  62 62 62
2020-08-26 10:58:30,162  62 62 62
2020-08-26 10:58:30,162  62 62 62
2020-08-26 10:58:30,712  63 63 63
2020-08-26 10:58:30,712  63 63 63
2020-08-26 10:58:30,712  63 63 63
2020-08-26 10:58:30,712  63 63 63
2020-08-26 10:58:30,712  63 63 63
2020-08-26 10:58:31,266  64 64 64
2020-08-26 10:58:31,266  64 64 64
2020-08-26 10:58:31,266  64 64 64
2020-08-26 10:58:31,266  64 64 64
2020-08-26 10:58:31,266  64 64 64
2020-08-26 10:58:31,821  65 65 65
2020-08-26 10:58:31,821  65 65 65
2020-08-26 10:58:31,821  65 65 65
2020-08-26 10:58:31,821  65 65 65
2020-08-26 10:58:31,821  65 65 65
2020-08-26 10:58:32,366  66 66 66
2020-08-26 10:58:32,366  66 66 66
2020-08-26 10:58:32,366  66 66 66
2020-08-26 10:58:32,366  66 66 66
2020-08-26 10:58:32,366  66 66 66
2020-08-26 10:58:32,920  67 67 67
2020-08-26 10:58:32,920  67 67 67
2020-08-26 10:58:32,920  67 67 67
2020-08-26 10:58:32,920  67 67 67
2020-08-26 10:58:32,920  67 67 67
2020-08-26 10:58:33,466  68 68 68
2020-08-26 10:58:33,466  68 68 68
2020-08-26 10:58:33,466  68 68 68
2020-08-26 10:58:33,466  68 68 68
2020-08-26 10:58:33,466  68 68 68
2020-08-26 10:58:34,022  69 69 69
2020-08-26 10:58:34,022  69 69 69
2020-08-26 10:58:34,022  69 69 69
2020-08-26 10:58:34,022  69 69 69
2020-08-26 10:58:34,022  69 69 69
2020-08-26 10:58:34,577  70 70 70
2020-08-26 10:58:34,577  70 70 70
2020-08-26 10:58:34,577  70 70 70
2020-08-26 10:58:34,577  70 70 70
2020-08-26 10:58:34,577  70 70 70
2020-08-26 10:58:35,131  71 71 71
2020-08-26 10:58:35,131  71 71 71
2020-08-26 10:58:35,131  71 71 71
2020-08-26 10:58:35,131  71 71 71
2020-08-26 10:58:35,131  71 71 71
2020-08-26 10:58:35,670  72 72 72
2020-08-26 10:58:35,670  72 72 72
2020-08-26 10:58:35,670  72 72 72
2020-08-26 10:58:35,670  72 72 72
2020-08-26 10:58:35,670  72 72 72
2020-08-26 10:58:36,222  73 73 73
2020-08-26 10:58:36,222  73 73 73
2020-08-26 10:58:36,222  73 73 73
2020-08-26 10:58:36,222  73 73 73
2020-08-26 10:58:36,222  73 73 73
2020-08-26 10:58:36,791  74 74 74
2020-08-26 10:58:36,791  74 74 74
2020-08-26 10:58:36,791  74 74 74
2020-08-26 10:58:36,791  74 74 74
2020-08-26 10:58:36,791  74 74 74
2020-08-26 10:58:37,345  75 75 75
2020-08-26 10:58:37,345  75 75 75
2020-08-26 10:58:37,345  75 75 75
2020-08-26 10:58:37,345  75 75 75
2020-08-26 10:58:37,345  75 75 75
2020-08-26 10:58:37,894  76 76 76
2020-08-26 10:58:37,894  76 76 76
2020-08-26 10:58:37,894  76 76 76
2020-08-26 10:58:37,894  76 76 76
2020-08-26 10:58:37,894  76 76 76
2020-08-26 10:58:38,443  77 77 77
2020-08-26 10:58:38,443  77 77 77
2020-08-26 10:58:38,443  77 77 77
2020-08-26 10:58:38,443  77 77 77
2020-08-26 10:58:38,443  77 77 77
2020-08-26 10:58:38,993  78 78 78
2020-08-26 10:58:38,993  78 78 78
2020-08-26 10:58:38,993  78 78 78
2020-08-26 10:58:38,993  78 78 78
2020-08-26 10:58:38,993  78 78 78
2020-08-26 10:58:39,555  79 79 79
2020-08-26 10:58:39,555  79 79 79
2020-08-26 10:58:39,555  79 79 79
2020-08-26 10:58:39,555  79 79 79
2020-08-26 10:58:39,555  79 79 79
2020-08-26 10:58:40,116  80 80 80
2020-08-26 10:58:40,116  80 80 80
2020-08-26 10:58:40,116  80 80 80
2020-08-26 10:58:40,116  80 80 80
2020-08-26 10:58:40,116  80 80 80
2020-08-26 10:58:40,706  81 81 81
2020-08-26 10:58:40,706  81 81 81
2020-08-26 10:58:40,706  81 81 81
2020-08-26 10:58:40,706  81 81 81
2020-08-26 10:58:40,706  81 81 81
2020-08-26 10:58:41,258  82 82 82
2020-08-26 10:58:41,258  82 82 82
2020-08-26 10:58:41,258  82 82 82
2020-08-26 10:58:41,258  82 82 82
2020-08-26 10:58:41,258  82 82 82
2020-08-26 10:58:41,811  83 83 83
2020-08-26 10:58:41,811  83 83 83
2020-08-26 10:58:41,811  83 83 83
2020-08-26 10:58:41,811  83 83 83
2020-08-26 10:58:41,811  83 83 83
2020-08-26 10:58:42,382  84 84 84
2020-08-26 10:58:42,382  84 84 84
2020-08-26 10:58:42,382  84 84 84
2020-08-26 10:58:42,382  84 84 84
2020-08-26 10:58:42,382  84 84 84
2020-08-26 10:58:42,924  85 85 85
2020-08-26 10:58:42,924  85 85 85
2020-08-26 10:58:42,924  85 85 85
2020-08-26 10:58:42,924  85 85 85
2020-08-26 10:58:42,924  85 85 85
2020-08-26 10:58:43,473  86 86 86
2020-08-26 10:58:43,473  86 86 86
2020-08-26 10:58:43,473  86 86 86
2020-08-26 10:58:43,473  86 86 86
2020-08-26 10:58:43,473  86 86 86
2020-08-26 10:58:44,040  87 87 87
2020-08-26 10:58:44,040  87 87 87
2020-08-26 10:58:44,040  87 87 87
2020-08-26 10:58:44,040  87 87 87
2020-08-26 10:58:44,040  87 87 87
2020-08-26 10:58:44,583  88 88 88
2020-08-26 10:58:44,583  88 88 88
2020-08-26 10:58:44,583  88 88 88
2020-08-26 10:58:44,583  88 88 88
2020-08-26 10:58:44,583  88 88 88
2020-08-26 10:58:45,129  89 89 89
2020-08-26 10:58:45,129  89 89 89
2020-08-26 10:58:45,129  89 89 89
2020-08-26 10:58:45,129  89 89 89
2020-08-26 10:58:45,129  89 89 89
2020-08-26 10:58:45,698  90 90 90
2020-08-26 10:58:45,698  90 90 90
2020-08-26 10:58:45,698  90 90 90
2020-08-26 10:58:45,698  90 90 90
2020-08-26 10:58:45,698  90 90 90
2020-08-26 10:58:46,255  91 91 91
2020-08-26 10:58:46,255  91 91 91
2020-08-26 10:58:46,255  91 91 91
2020-08-26 10:58:46,255  91 91 91
2020-08-26 10:58:46,255  91 91 91
2020-08-26 10:58:46,809  92 92 92
2020-08-26 10:58:46,809  92 92 92
2020-08-26 10:58:46,809  92 92 92
2020-08-26 10:58:46,809  92 92 92
2020-08-26 10:58:46,809  92 92 92
2020-08-26 10:58:47,357  93 93 93
2020-08-26 10:58:47,357  93 93 93
2020-08-26 10:58:47,357  93 93 93
2020-08-26 10:58:47,357  93 93 93
2020-08-26 10:58:47,357  93 93 93
2020-08-26 10:58:47,917  94 94 94
2020-08-26 10:58:47,917  94 94 94
2020-08-26 10:58:47,917  94 94 94
2020-08-26 10:58:47,917  94 94 94
2020-08-26 10:58:47,917  94 94 94
2020-08-26 10:58:48,480  95 95 95
2020-08-26 10:58:48,480  95 95 95
2020-08-26 10:58:48,480  95 95 95
2020-08-26 10:58:48,480  95 95 95
2020-08-26 10:58:48,480  95 95 95
2020-08-26 10:58:49,028  96 96 96
2020-08-26 10:58:49,028  96 96 96
2020-08-26 10:58:49,028  96 96 96
2020-08-26 10:58:49,028  96 96 96
2020-08-26 10:58:49,028  96 96 96
2020-08-26 10:58:49,576  97 97 97
2020-08-26 10:58:49,576  97 97 97
2020-08-26 10:58:49,576  97 97 97
2020-08-26 10:58:49,576  97 97 97
2020-08-26 10:58:49,576  97 97 97
2020-08-26 10:58:50,142  98 98 98
2020-08-26 10:58:50,142  98 98 98
2020-08-26 10:58:50,142  98 98 98
2020-08-26 10:58:50,142  98 98 98
2020-08-26 10:58:50,142  98 98 98
2020-08-26 10:58:50,687  99 99 99
2020-08-26 10:58:50,687  99 99 99
2020-08-26 10:58:50,687  99 99 99
2020-08-26 10:58:50,687  99 99 99
2020-08-26 10:58:50,687  99 99 99
2020-08-26 10:58:51,235  100 100 100
2020-08-26 10:58:51,235  100 100 100
2020-08-26 10:58:51,235  100 100 100
2020-08-26 10:58:51,235  100 100 100
2020-08-26 10:58:51,235  100 100 100
2020-08-26 10:58:51,808  101 101 101
2020-08-26 10:58:51,808  101 101 101
2020-08-26 10:58:51,808  101 101 101
2020-08-26 10:58:51,808  101 101 101
2020-08-26 10:58:51,808  101 101 101
2020-08-26 10:58:52,364  102 102 102
2020-08-26 10:58:52,364  102 102 102
2020-08-26 10:58:52,364  102 102 102
2020-08-26 10:58:52,364  102 102 102
2020-08-26 10:58:52,364  102 102 102
2020-08-26 10:58:52,904  103 103 103
2020-08-26 10:58:52,904  103 103 103
2020-08-26 10:58:52,904  103 103 103
2020-08-26 10:58:52,904  103 103 103
2020-08-26 10:58:52,904  103 103 103
2020-08-26 10:58:53,459  104 104 104
2020-08-26 10:58:53,459  104 104 104
2020-08-26 10:58:53,459  104 104 104
2020-08-26 10:58:53,459  104 104 104
2020-08-26 10:58:53,459  104 104 104
2020-08-26 10:58:54,013  105 105 105
2020-08-26 10:58:54,013  105 105 105
2020-08-26 10:58:54,013  105 105 105
2020-08-26 10:58:54,013  105 105 105
2020-08-26 10:58:54,013  105 105 105
2020-08-26 10:58:54,559  106 106 106
2020-08-26 10:58:54,559  106 106 106
2020-08-26 10:58:54,559  106 106 106
2020-08-26 10:58:54,559  106 106 106
2020-08-26 10:58:54,559  106 106 106
2020-08-26 10:58:55,119  107 107 107
2020-08-26 10:58:55,119  107 107 107
2020-08-26 10:58:55,119  107 107 107
2020-08-26 10:58:55,119  107 107 107
2020-08-26 10:58:55,119  107 107 107
2020-08-26 10:58:55,657  108 108 108
2020-08-26 10:58:55,657  108 108 108
2020-08-26 10:58:55,657  108 108 108
2020-08-26 10:58:55,657  108 108 108
2020-08-26 10:58:55,657  108 108 108
2020-08-26 10:58:56,205  109 109 109
2020-08-26 10:58:56,205  109 109 109
2020-08-26 10:58:56,205  109 109 109
2020-08-26 10:58:56,205  109 109 109
2020-08-26 10:58:56,205  109 109 109
2020-08-26 10:58:56,749  110 110 110
2020-08-26 10:58:56,749  110 110 110
2020-08-26 10:58:56,749  110 110 110
2020-08-26 10:58:56,749  110 110 110
2020-08-26 10:58:56,749  110 110 110
2020-08-26 10:58:57,303  111 111 111
2020-08-26 10:58:57,303  111 111 111
2020-08-26 10:58:57,303  111 111 111
2020-08-26 10:58:57,303  111 111 111
2020-08-26 10:58:57,303  111 111 111
2020-08-26 10:58:57,858  112 112 112
2020-08-26 10:58:57,858  112 112 112
2020-08-26 10:58:57,858  112 112 112
2020-08-26 10:58:57,858  112 112 112
2020-08-26 10:58:57,858  112 112 112
2020-08-26 10:58:58,410  113 113 113
2020-08-26 10:58:58,410  113 113 113
2020-08-26 10:58:58,410  113 113 113
2020-08-26 10:58:58,410  113 113 113
2020-08-26 10:58:58,410  113 113 113
2020-08-26 10:58:58,959  114 114 114
2020-08-26 10:58:58,959  114 114 114
2020-08-26 10:58:58,959  114 114 114
2020-08-26 10:58:58,959  114 114 114
2020-08-26 10:58:58,959  114 114 114
2020-08-26 10:58:59,509  115 115 115
2020-08-26 10:58:59,509  115 115 115
2020-08-26 10:58:59,509  115 115 115
2020-08-26 10:58:59,509  115 115 115
2020-08-26 10:58:59,509  115 115 115
2020-08-26 10:59:00,061  116 116 116
2020-08-26 10:59:00,061  116 116 116
2020-08-26 10:59:00,061  116 116 116
2020-08-26 10:59:00,061  116 116 116
2020-08-26 10:59:00,061  116 116 116
2020-08-26 10:59:00,612  117 117 117
2020-08-26 10:59:00,612  117 117 117
2020-08-26 10:59:00,612  117 117 117
2020-08-26 10:59:00,612  117 117 117
2020-08-26 10:59:00,612  117 117 117
2020-08-26 10:59:01,182  118 118 118
2020-08-26 10:59:01,182  118 118 118
2020-08-26 10:59:01,182  118 118 118
2020-08-26 10:59:01,182  118 118 118
2020-08-26 10:59:01,182  118 118 118
2020-08-26 10:59:01,733  119 119 119
2020-08-26 10:59:01,733  119 119 119
2020-08-26 10:59:01,733  119 119 119
2020-08-26 10:59:01,733  119 119 119
2020-08-26 10:59:01,733  119 119 119
2020-08-26 10:59:02,285  120 120 120
2020-08-26 10:59:02,285  120 120 120
2020-08-26 10:59:02,285  120 120 120
2020-08-26 10:59:02,285  120 120 120
2020-08-26 10:59:02,285  120 120 120
2020-08-26 10:59:02,842  121 121 121
2020-08-26 10:59:02,842  121 121 121
2020-08-26 10:59:02,842  121 121 121
2020-08-26 10:59:02,842  121 121 121
2020-08-26 10:59:02,842  121 121 121
2020-08-26 10:59:03,402  122 122 122
2020-08-26 10:59:03,402  122 122 122
2020-08-26 10:59:03,402  122 122 122
2020-08-26 10:59:03,402  122 122 122
2020-08-26 10:59:03,402  122 122 122
2020-08-26 10:59:03,949  123 123 123
2020-08-26 10:59:03,949  123 123 123
2020-08-26 10:59:03,949  123 123 123
2020-08-26 10:59:03,949  123 123 123
2020-08-26 10:59:03,949  123 123 123
2020-08-26 10:59:04,504  124 124 124
2020-08-26 10:59:04,504  124 124 124
2020-08-26 10:59:04,504  124 124 124
2020-08-26 10:59:04,504  124 124 124
2020-08-26 10:59:04,504  124 124 124
2020-08-26 10:59:05,057  125 125 125
2020-08-26 10:59:05,057  125 125 125
2020-08-26 10:59:05,057  125 125 125
2020-08-26 10:59:05,057  125 125 125
2020-08-26 10:59:05,057  125 125 125
2020-08-26 10:59:05,614  126 126 126
2020-08-26 10:59:05,614  126 126 126
2020-08-26 10:59:05,614  126 126 126
2020-08-26 10:59:05,614  126 126 126
2020-08-26 10:59:05,614  126 126 126
2020-08-26 10:59:06,171  127 127 127
2020-08-26 10:59:06,171  127 127 127
2020-08-26 10:59:06,171  127 127 127
2020-08-26 10:59:06,171  127 127 127
2020-08-26 10:59:06,171  127 127 127
2020-08-26 10:59:06,731  128 128 128
2020-08-26 10:59:06,731  128 128 128
2020-08-26 10:59:06,731  128 128 128
2020-08-26 10:59:06,731  128 128 128
2020-08-26 10:59:06,731  128 128 128
2020-08-26 10:59:07,285  129 129 129
2020-08-26 10:59:07,285  129 129 129
2020-08-26 10:59:07,285  129 129 129
2020-08-26 10:59:07,285  129 129 129
2020-08-26 10:59:07,285  129 129 129
2020-08-26 10:59:07,831  130 130 130
2020-08-26 10:59:07,831  130 130 130
2020-08-26 10:59:07,831  130 130 130
2020-08-26 10:59:07,831  130 130 130
2020-08-26 10:59:07,831  130 130 130
2020-08-26 10:59:08,386  131 131 131
2020-08-26 10:59:08,386  131 131 131
2020-08-26 10:59:08,386  131 131 131
2020-08-26 10:59:08,386  131 131 131
2020-08-26 10:59:08,386  131 131 131
2020-08-26 10:59:08,937  132 132 132
2020-08-26 10:59:08,937  132 132 132
2020-08-26 10:59:08,937  132 132 132
2020-08-26 10:59:08,937  132 132 132
2020-08-26 10:59:08,937  132 132 132
2020-08-26 10:59:09,494  133 133 133
2020-08-26 10:59:09,494  133 133 133
2020-08-26 10:59:09,494  133 133 133
2020-08-26 10:59:09,494  133 133 133
2020-08-26 10:59:09,494  133 133 133
2020-08-26 10:59:10,049  134 134 134
2020-08-26 10:59:10,049  134 134 134
2020-08-26 10:59:10,049  134 134 134
2020-08-26 10:59:10,049  134 134 134
2020-08-26 10:59:10,049  134 134 134
2020-08-26 10:59:10,603  135 135 135
2020-08-26 10:59:10,603  135 135 135
2020-08-26 10:59:10,603  135 135 135
2020-08-26 10:59:10,603  135 135 135
2020-08-26 10:59:10,603  135 135 135
2020-08-26 10:59:11,165  136 136 136
2020-08-26 10:59:11,165  136 136 136
2020-08-26 10:59:11,165  136 136 136
2020-08-26 10:59:11,165  136 136 136
2020-08-26 10:59:11,165  136 136 136
2020-08-26 10:59:11,705  137 137 137
2020-08-26 10:59:11,705  137 137 137
2020-08-26 10:59:11,705  137 137 137
2020-08-26 10:59:11,705  137 137 137
2020-08-26 10:59:11,705  137 137 137
2020-08-26 10:59:12,255  138 138 138
2020-08-26 10:59:12,255  138 138 138
2020-08-26 10:59:12,255  138 138 138
2020-08-26 10:59:12,255  138 138 138
2020-08-26 10:59:12,255  138 138 138
2020-08-26 10:59:12,804  139 139 139
2020-08-26 10:59:12,804  139 139 139
2020-08-26 10:59:12,804  139 139 139
2020-08-26 10:59:12,804  139 139 139
2020-08-26 10:59:12,804  139 139 139
2020-08-26 10:59:13,348  140 140 140
2020-08-26 10:59:13,348  140 140 140
2020-08-26 10:59:13,348  140 140 140
2020-08-26 10:59:13,348  140 140 140
2020-08-26 10:59:13,348  140 140 140
2020-08-26 10:59:13,908  141 141 141
2020-08-26 10:59:13,908  141 141 141
2020-08-26 10:59:13,908  141 141 141
2020-08-26 10:59:13,908  141 141 141
2020-08-26 10:59:13,908  141 141 141
2020-08-26 10:59:14,461  142 142 142
2020-08-26 10:59:14,461  142 142 142
2020-08-26 10:59:14,461  142 142 142
2020-08-26 10:59:14,461  142 142 142
2020-08-26 10:59:14,461  142 142 142
2020-08-26 10:59:15,009  143 143 143
2020-08-26 10:59:15,009  143 143 143
2020-08-26 10:59:15,009  143 143 143
2020-08-26 10:59:15,009  143 143 143
2020-08-26 10:59:15,009  143 143 143
2020-08-26 10:59:15,558  144 144 144
2020-08-26 10:59:15,558  144 144 144
2020-08-26 10:59:15,558  144 144 144
2020-08-26 10:59:15,558  144 144 144
2020-08-26 10:59:15,558  144 144 144
2020-08-26 10:59:16,110  145 145 145
2020-08-26 10:59:16,110  145 145 145
2020-08-26 10:59:16,110  145 145 145
2020-08-26 10:59:16,110  145 145 145
2020-08-26 10:59:16,110  145 145 145
2020-08-26 10:59:16,659  146 146 146
2020-08-26 10:59:16,659  146 146 146
2020-08-26 10:59:16,659  146 146 146
2020-08-26 10:59:16,659  146 146 146
2020-08-26 10:59:16,659  146 146 146
2020-08-26 10:59:17,213  147 147 147
2020-08-26 10:59:17,213  147 147 147
2020-08-26 10:59:17,213  147 147 147
2020-08-26 10:59:17,213  147 147 147
2020-08-26 10:59:17,213  147 147 147
2020-08-26 10:59:17,760  148 148 148
2020-08-26 10:59:17,760  148 148 148
2020-08-26 10:59:17,760  148 148 148
2020-08-26 10:59:17,760  148 148 148
2020-08-26 10:59:17,760  148 148 148
2020-08-26 10:59:18,305  149 149 149
2020-08-26 10:59:18,305  149 149 149
2020-08-26 10:59:18,305  149 149 149
2020-08-26 10:59:18,305  149 149 149
2020-08-26 10:59:18,305  149 149 149
2020-08-26 10:59:18,863  150 150 150
2020-08-26 10:59:18,863  150 150 150
2020-08-26 10:59:18,863  150 150 150
2020-08-26 10:59:18,863  150 150 150
2020-08-26 10:59:18,863  150 150 150
2020-08-26 10:59:19,410  151 151 151
2020-08-26 10:59:19,410  151 151 151
2020-08-26 10:59:19,410  151 151 151
2020-08-26 10:59:19,410  151 151 151
2020-08-26 10:59:19,410  151 151 151
2020-08-26 10:59:19,962  152 152 152
2020-08-26 10:59:19,962  152 152 152
2020-08-26 10:59:19,962  152 152 152
2020-08-26 10:59:19,962  152 152 152
2020-08-26 10:59:19,962  152 152 152
2020-08-26 10:59:20,506  153 153 153
2020-08-26 10:59:20,506  153 153 153
2020-08-26 10:59:20,506  153 153 153
2020-08-26 10:59:20,506  153 153 153
2020-08-26 10:59:20,506  153 153 153
2020-08-26 10:59:21,064  154 154 154
2020-08-26 10:59:21,064  154 154 154
2020-08-26 10:59:21,064  154 154 154
2020-08-26 10:59:21,064  154 154 154
2020-08-26 10:59:21,064  154 154 154
2020-08-26 10:59:23,605  155 155 155
2020-08-26 10:59:23,605  155 155 155
2020-08-26 10:59:23,605  155 155 155
2020-08-26 10:59:23,605  155 155 155
2020-08-26 10:59:23,605  155 155 155
2020-08-26 11:00:16,453  listen start at Wed Aug 26 11:00:16 2020
2020-08-26 11:00:35,174  1 1 1
2020-08-26 11:00:38,726  simulink_timestamp-5.0   time_batch-2
2020-08-26 11:00:38,727  2 2 2
2020-08-26 11:00:41,566  simulink_timestamp-10.0   time_batch-3
2020-08-26 11:00:41,567  3 3 3
2020-08-26 11:00:44,350  simulink_timestamp-15.0   time_batch-4
2020-08-26 11:00:44,351  4 4 4
2020-08-26 11:00:47,116  simulink_timestamp-20.0   time_batch-5
2020-08-26 11:00:47,117  5 5 5
2020-08-26 11:00:50,184  simulink_timestamp-25.0   time_batch-6
2020-08-26 11:00:50,185  6 6 6
2020-08-26 11:00:52,948  simulink_timestamp-30.0   time_batch-7
2020-08-26 11:00:52,949  7 7 7
2020-08-26 11:00:55,743  simulink_timestamp-35.0   time_batch-8
2020-08-26 11:00:55,744  8 8 8
2020-08-26 11:00:58,551  simulink_timestamp-40.0   time_batch-9
2020-08-26 11:00:58,552  9 9 9
2020-08-26 11:01:01,378  simulink_timestamp-45.0   time_batch-10
2020-08-26 11:01:01,379  10 10 10
2020-08-26 11:01:04,202  simulink_timestamp-50.0   time_batch-11
2020-08-26 11:01:04,203  11 11 11
2020-08-26 11:01:06,997  simulink_timestamp-55.0   time_batch-12
2020-08-26 11:01:06,998  12 12 12
2020-08-26 11:01:09,812  simulink_timestamp-60.0   time_batch-13
2020-08-26 11:01:09,813  13 13 13
2020-08-26 11:01:12,621  simulink_timestamp-65.0   time_batch-14
2020-08-26 11:01:12,622  14 14 14
2020-08-26 11:01:15,436  simulink_timestamp-70.0   time_batch-15
2020-08-26 11:01:15,437  15 15 15
2020-08-26 11:01:18,259  simulink_timestamp-75.0   time_batch-16
2020-08-26 11:01:18,260  16 16 16
2020-08-26 11:01:21,067  simulink_timestamp-80.0   time_batch-17
2020-08-26 11:01:21,068  17 17 17
2020-08-26 11:01:23,878  simulink_timestamp-85.0   time_batch-18
2020-08-26 11:01:23,879  18 18 18
2020-08-26 11:01:26,695  simulink_timestamp-90.0   time_batch-19
2020-08-26 11:01:26,696  19 19 19
2020-08-26 11:01:29,515  simulink_timestamp-95.0   time_batch-20
2020-08-26 11:01:29,515  20 20 20
2020-08-26 11:01:32,341  simulink_timestamp-100.0   time_batch-21
2020-08-26 11:01:32,342  21 21 21
2020-08-26 11:01:35,158  simulink_timestamp-105.0   time_batch-22
2020-08-26 11:01:35,159  22 22 22
2020-08-26 11:01:37,953  simulink_timestamp-110.0   time_batch-23
2020-08-26 11:01:37,953  23 23 23
2020-08-26 11:01:40,773  simulink_timestamp-115.0   time_batch-24
2020-08-26 11:01:40,774  24 24 24
2020-08-26 11:01:43,618  simulink_timestamp-120.0   time_batch-25
2020-08-26 11:01:43,619  25 25 25
2020-08-26 11:01:46,444  simulink_timestamp-125.0   time_batch-26
2020-08-26 11:01:46,445  26 26 26
2020-08-26 11:01:49,279  simulink_timestamp-130.0   time_batch-27
2020-08-26 11:01:49,280  27 27 27
2020-08-26 11:01:52,107  simulink_timestamp-135.0   time_batch-28
2020-08-26 11:01:52,108  28 28 28
2020-08-26 11:01:54,943  simulink_timestamp-140.0   time_batch-29
2020-08-26 11:01:54,944  29 29 29
2020-08-26 11:01:57,743  simulink_timestamp-145.0   time_batch-30
2020-08-26 11:01:57,744  30 30 30
2020-08-26 11:02:00,554  simulink_timestamp-150.0   time_batch-31
2020-08-26 11:02:00,555  31 31 31
2020-08-26 11:02:03,373  simulink_timestamp-155.0   time_batch-32
2020-08-26 11:02:03,373  32 32 32
2020-08-26 11:02:06,189  simulink_timestamp-160.0   time_batch-33
2020-08-26 11:02:06,189  33 33 33
2020-08-26 11:02:08,990  simulink_timestamp-165.0   time_batch-34
2020-08-26 11:02:08,991  34 34 34
2020-08-26 11:02:11,844  simulink_timestamp-170.0   time_batch-35
2020-08-26 11:02:11,845  35 35 35
2020-08-26 11:02:14,685  simulink_timestamp-175.0   time_batch-36
2020-08-26 11:02:14,685  36 36 36
2020-08-26 11:02:17,512  simulink_timestamp-180.0   time_batch-37
2020-08-26 11:02:17,513  37 37 37
2020-08-26 11:02:20,571  simulink_timestamp-185.0   time_batch-38
2020-08-26 11:02:20,572  38 38 38
2020-08-26 11:02:23,441  simulink_timestamp-190.0   time_batch-39
2020-08-26 11:02:23,441  39 39 39
2020-08-26 11:02:26,271  simulink_timestamp-195.0   time_batch-40
2020-08-26 11:02:26,272  40 40 40
2020-08-26 11:02:31,528  simulink_timestamp-200.0   time_batch-41
2020-08-26 11:02:31,529  41 41 41
2020-08-26 11:02:34,807  simulink_timestamp-205.0   time_batch-42
2020-08-26 11:02:34,808  42 42 42
2020-08-26 11:02:37,952  simulink_timestamp-210.0   time_batch-43
2020-08-26 11:02:37,953  43 43 43
2020-08-26 11:02:40,868  simulink_timestamp-215.0   time_batch-44
2020-08-26 11:02:40,869  44 44 44
2020-08-26 11:02:43,717  simulink_timestamp-220.0   time_batch-45
2020-08-26 11:02:43,718  45 45 45
2020-08-26 11:02:47,014  simulink_timestamp-225.0   time_batch-46
2020-08-26 11:02:47,015  46 46 46
2020-08-26 11:02:49,864  simulink_timestamp-230.0   time_batch-47
2020-08-26 11:02:49,865  47 47 47
2020-08-26 11:02:52,711  simulink_timestamp-235.0   time_batch-48
2020-08-26 11:02:52,711  48 48 48
2020-08-26 11:02:55,559  simulink_timestamp-240.0   time_batch-49
2020-08-26 11:02:55,560  49 49 49
2020-08-26 11:02:58,388  simulink_timestamp-245.0   time_batch-50
2020-08-26 11:02:58,389  50 50 50
2020-08-26 11:03:01,263  simulink_timestamp-250.0   time_batch-51
2020-08-26 11:03:01,264  51 51 51
2020-08-26 11:03:04,129  simulink_timestamp-255.0   time_batch-52
2020-08-26 11:03:04,130  52 52 52
2020-08-26 11:03:06,947  simulink_timestamp-260.0   time_batch-53
2020-08-26 11:03:06,948  53 53 53
2020-08-26 11:03:09,775  simulink_timestamp-265.0   time_batch-54
2020-08-26 11:03:09,776  54 54 54
2020-08-26 11:03:12,616  simulink_timestamp-270.0   time_batch-55
2020-08-26 11:03:12,617  55 55 55
2020-08-26 11:03:15,491  simulink_timestamp-275.0   time_batch-56
2020-08-26 11:03:15,492  56 56 56
2020-08-26 11:03:18,354  simulink_timestamp-280.0   time_batch-57
2020-08-26 11:03:18,355  57 57 57
2020-08-26 11:03:21,204  simulink_timestamp-285.0   time_batch-58
2020-08-26 11:03:21,205  58 58 58
2020-08-26 11:03:24,054  simulink_timestamp-290.0   time_batch-59
2020-08-26 11:03:24,055  59 59 59
2020-08-26 11:03:26,932  simulink_timestamp-295.0   time_batch-60
2020-08-26 11:03:26,933  60 60 60
2020-08-26 11:03:29,765  simulink_timestamp-300.0   time_batch-61
2020-08-26 11:03:29,766  61 61 61
2020-08-26 11:03:32,608  simulink_timestamp-305.0   time_batch-62
2020-08-26 11:11:56,543  listen start at Wed Aug 26 11:11:56 2020
2020-08-26 11:12:16,152  1 1 1
2020-08-26 11:12:19,633  simulink_timestamp-5.0   time_batch-2
2020-08-26 11:12:19,635  2 2 2
2020-08-26 11:12:22,490  simulink_timestamp-10.0   time_batch-3
2020-08-26 11:12:22,492  3 3 3
2020-08-26 11:12:25,283  simulink_timestamp-15.0   time_batch-4
2020-08-26 11:12:25,284  4 4 4
2020-08-26 11:12:28,067  simulink_timestamp-20.0   time_batch-5
2020-08-26 11:12:28,067  5 5 5
2020-08-26 11:12:31,058  simulink_timestamp-25.0   time_batch-6
2020-08-26 11:12:31,058  6 6 6
2020-08-26 11:12:33,796  simulink_timestamp-30.0   time_batch-7
2020-08-26 11:12:33,797  7 7 7
2020-08-26 11:12:36,529  simulink_timestamp-35.0   time_batch-8
2020-08-26 11:12:36,530  8 8 8
2020-08-26 11:12:39,122  simulink_timestamp-40.0   time_batch-9
2020-08-26 11:12:39,123  9 9 9
2020-08-26 11:12:41,650  simulink_timestamp-45.0   time_batch-10
2020-08-26 11:12:41,651  10 10 10
2020-08-26 11:12:44,203  simulink_timestamp-50.0   time_batch-11
2020-08-26 11:12:44,204  11 11 11
2020-08-26 11:12:46,800  simulink_timestamp-55.0   time_batch-12
2020-08-26 11:12:46,801  12 12 12
2020-08-26 11:12:49,354  simulink_timestamp-60.0   time_batch-13
2020-08-26 11:12:49,355  13 13 13
2020-08-26 11:12:51,903  simulink_timestamp-65.0   time_batch-14
2020-08-26 11:12:51,904  14 14 14
2020-08-26 11:12:54,590  simulink_timestamp-70.0   time_batch-15
2020-08-26 11:12:54,591  15 15 15
2020-08-26 11:12:57,166  simulink_timestamp-75.0   time_batch-16
2020-08-26 11:12:57,167  16 16 16
2020-08-26 11:12:59,696  simulink_timestamp-80.0   time_batch-17
2020-08-26 11:12:59,697  17 17 17
2020-08-26 11:13:02,342  simulink_timestamp-85.0   time_batch-18
2020-08-26 11:13:02,343  18 18 18
2020-08-26 11:13:05,045  simulink_timestamp-90.0   time_batch-19
2020-08-26 11:13:05,046  19 19 19
2020-08-26 11:13:07,596  simulink_timestamp-95.0   time_batch-20
2020-08-26 11:13:07,597  20 20 20
2020-08-26 11:13:10,143  simulink_timestamp-100.0   time_batch-21
2020-08-26 11:13:10,144  21 21 21
2020-08-26 11:13:12,792  simulink_timestamp-105.0   time_batch-22
2020-08-26 11:13:12,793  22 22 22
2020-08-26 11:13:15,357  simulink_timestamp-110.0   time_batch-23
2020-08-26 11:13:15,358  23 23 23
2020-08-26 11:13:17,889  simulink_timestamp-115.0   time_batch-24
2020-08-26 11:13:17,890  24 24 24
2020-08-26 11:13:20,419  simulink_timestamp-120.0   time_batch-25
2020-08-26 11:13:20,420  25 25 25
2020-08-26 11:13:22,965  simulink_timestamp-125.0   time_batch-26
2020-08-26 11:13:22,966  26 26 26
2020-08-26 11:13:25,515  simulink_timestamp-130.0   time_batch-27
2020-08-26 11:13:25,516  27 27 27
2020-08-26 11:13:28,061  simulink_timestamp-135.0   time_batch-28
2020-08-26 11:13:28,062  28 28 28
2020-08-26 11:13:30,608  simulink_timestamp-140.0   time_batch-29
2020-08-26 11:13:30,608  29 29 29
2020-08-26 11:13:33,136  simulink_timestamp-145.0   time_batch-30
2020-08-26 11:13:33,137  30 30 30
2020-08-26 11:13:35,677  simulink_timestamp-150.0   time_batch-31
2020-08-26 11:13:35,677  31 31 31
2020-08-26 11:13:38,219  simulink_timestamp-155.0   time_batch-32
2020-08-26 11:13:38,220  32 32 32
2020-08-26 11:13:40,768  simulink_timestamp-160.0   time_batch-33
2020-08-26 11:13:40,769  33 33 33
2020-08-26 11:13:43,310  simulink_timestamp-165.0   time_batch-34
2020-08-26 11:13:43,311  34 34 34
2020-08-26 11:13:45,852  simulink_timestamp-170.0   time_batch-35
2020-08-26 11:13:45,852  35 35 35
2020-08-26 11:13:48,425  simulink_timestamp-175.0   time_batch-36
2020-08-26 11:13:48,426  36 36 36
2020-08-26 11:13:51,075  simulink_timestamp-180.0   time_batch-37
2020-08-26 11:13:51,076  37 37 37
2020-08-26 11:13:53,639  simulink_timestamp-185.0   time_batch-38
2020-08-26 11:13:53,640  38 38 38
2020-08-26 11:13:56,163  simulink_timestamp-190.0   time_batch-39
2020-08-26 11:13:56,164  39 39 39
2020-08-26 11:13:58,834  simulink_timestamp-195.0   time_batch-40
2020-08-26 11:13:58,835  40 40 40
2020-08-26 11:14:01,525  simulink_timestamp-200.0   time_batch-41
2020-08-26 11:14:01,526  41 41 41
2020-08-26 11:14:04,136  simulink_timestamp-205.0   time_batch-42
2020-08-26 11:14:04,137  42 42 42
2020-08-26 11:14:16,833  simulink_timestamp-210.0   time_batch-43
2020-08-26 11:14:16,834  43 43 43
2020-08-26 11:14:23,718  simulink_timestamp-215.0   time_batch-44
2020-08-26 11:14:23,719  44 44 44
2020-08-26 11:14:27,350  simulink_timestamp-220.0   time_batch-45
2020-08-26 11:14:27,351  45 45 45
2020-08-26 11:14:30,504  simulink_timestamp-225.0   time_batch-46
2020-08-26 11:14:30,505  46 46 46
2020-08-26 11:14:33,532  simulink_timestamp-230.0   time_batch-47
2020-08-26 11:14:33,533  47 47 47
2020-08-26 11:18:25,862  listen start at Wed Aug 26 11:18:25 2020
2020-08-26 11:18:40,086  1 1 1
2020-08-26 11:18:43,487  simulink_timestamp-5.0   time_batch-2
2020-08-26 11:18:43,488  2 2 2
2020-08-26 11:18:46,316  simulink_timestamp-10.0   time_batch-3
2020-08-26 11:18:46,317  3 3 3
2020-08-26 11:18:49,075  simulink_timestamp-15.0   time_batch-4
2020-08-26 11:18:49,075  4 4 4
2020-08-26 11:18:51,833  simulink_timestamp-20.0   time_batch-5
2020-08-26 11:18:51,834  5 5 5
2020-08-26 11:18:54,854  simulink_timestamp-25.0   time_batch-6
2020-08-26 11:18:54,855  6 6 6
2020-08-26 11:18:57,607  simulink_timestamp-30.0   time_batch-7
2020-08-26 11:18:57,608  7 7 7
2020-08-26 11:19:00,426  simulink_timestamp-35.0   time_batch-8
2020-08-26 11:19:00,427  8 8 8
2020-08-26 11:19:03,161  simulink_timestamp-40.0   time_batch-9
2020-08-26 11:19:03,162  9 9 9
2020-08-26 11:19:05,880  simulink_timestamp-45.0   time_batch-10
2020-08-26 11:19:05,881  10 10 10
2020-08-26 11:19:08,633  simulink_timestamp-50.0   time_batch-11
2020-08-26 11:19:08,634  11 11 11
2020-08-26 11:19:11,364  simulink_timestamp-55.0   time_batch-12
2020-08-26 11:19:11,364  12 12 12
2020-08-26 11:19:14,100  simulink_timestamp-60.0   time_batch-13
2020-08-26 11:19:14,101  13 13 13
2020-08-26 11:19:16,866  simulink_timestamp-65.0   time_batch-14
2020-08-26 11:19:16,867  14 14 14
2020-08-26 11:19:19,624  simulink_timestamp-70.0   time_batch-15
2020-08-26 11:19:19,625  15 15 15
2020-08-26 11:19:22,353  simulink_timestamp-75.0   time_batch-16
2020-08-26 11:19:22,354  16 16 16
2020-08-26 11:19:25,066  simulink_timestamp-80.0   time_batch-17
2020-08-26 11:19:25,067  17 17 17
2020-08-26 11:19:27,795  simulink_timestamp-85.0   time_batch-18
2020-08-26 11:19:27,796  18 18 18
2020-08-26 11:19:30,506  simulink_timestamp-90.0   time_batch-19
2020-08-26 11:19:30,507  19 19 19
2020-08-26 11:19:33,253  simulink_timestamp-95.0   time_batch-20
2020-08-26 11:19:33,254  20 20 20
2020-08-26 11:19:35,988  simulink_timestamp-100.0   time_batch-21
2020-08-26 11:19:35,988  21 21 21
2020-08-26 11:19:38,733  simulink_timestamp-105.0   time_batch-22
2020-08-26 11:19:38,734  22 22 22
2020-08-26 11:19:41,467  simulink_timestamp-110.0   time_batch-23
2020-08-26 11:19:41,468  23 23 23
2020-08-26 11:19:44,215  simulink_timestamp-115.0   time_batch-24
2020-08-26 11:19:44,215  24 24 24
2020-08-26 11:19:46,939  simulink_timestamp-120.0   time_batch-25
2020-08-26 11:19:46,940  25 25 25
2020-08-26 11:19:49,708  simulink_timestamp-125.0   time_batch-26
2020-08-26 11:19:49,709  26 26 26
2020-08-26 11:19:52,461  simulink_timestamp-130.0   time_batch-27
2020-08-26 11:19:52,463  27 27 27
2020-08-26 11:19:55,198  simulink_timestamp-135.0   time_batch-28
2020-08-26 11:19:55,199  28 28 28
2020-08-26 11:19:57,951  simulink_timestamp-140.0   time_batch-29
2020-08-26 11:19:57,952  29 29 29
2020-08-26 11:20:00,699  simulink_timestamp-145.0   time_batch-30
2020-08-26 11:20:00,700  30 30 30
2020-08-26 11:20:03,449  simulink_timestamp-150.0   time_batch-31
2020-08-26 11:20:03,450  31 31 31
2020-08-26 11:20:06,196  simulink_timestamp-155.0   time_batch-32
2020-08-26 11:20:06,197  32 32 32
2020-08-26 11:20:08,962  simulink_timestamp-160.0   time_batch-33
2020-08-26 11:20:08,963  33 33 33
2020-08-26 11:20:11,697  simulink_timestamp-165.0   time_batch-34
2020-08-26 11:20:11,698  34 34 34
2020-08-26 11:20:14,420  simulink_timestamp-170.0   time_batch-35
2020-08-26 11:20:14,422  35 35 35
2020-08-26 11:20:17,248  simulink_timestamp-175.0   time_batch-36
2020-08-26 11:20:17,249  36 36 36
2020-08-26 11:20:20,034  simulink_timestamp-180.0   time_batch-37
2020-08-26 11:20:20,035  37 37 37
2020-08-26 11:23:24,799  listen start at Wed Aug 26 11:23:24 2020
2020-08-26 11:23:33,102  1 1 1
2020-08-26 11:23:38,673  simulink_timestamp-5.0   time_batch-2
2020-08-26 11:23:38,677  2 2 2
2020-08-26 11:23:43,740  simulink_timestamp-10.0   time_batch-3
2020-08-26 11:23:43,742  3 3 3
2020-08-26 11:23:48,757  simulink_timestamp-15.0   time_batch-4
2020-08-26 11:23:48,759  4 4 4
2020-08-26 11:23:53,749  simulink_timestamp-20.0   time_batch-5
2020-08-26 11:23:53,749  5 5 5
2020-08-26 11:23:58,964  simulink_timestamp-25.0   time_batch-6
2020-08-26 11:23:58,965  6 6 6
2020-08-26 11:24:03,880  simulink_timestamp-30.0   time_batch-7
2020-08-26 11:24:03,881  7 7 7
2020-08-26 11:24:08,926  simulink_timestamp-35.0   time_batch-8
2020-08-26 11:24:08,927  8 8 8
2020-08-26 11:24:13,879  simulink_timestamp-40.0   time_batch-9
2020-08-26 11:24:13,880  9 9 9
2020-08-26 11:24:18,844  simulink_timestamp-45.0   time_batch-10
2020-08-26 11:24:18,845  10 10 10
2020-08-26 11:24:23,814  simulink_timestamp-50.0   time_batch-11
2020-08-26 11:24:23,815  11 11 11
2020-08-26 11:24:28,813  simulink_timestamp-55.0   time_batch-12
2020-08-26 11:24:28,814  12 12 12
2020-08-26 11:24:33,775  simulink_timestamp-60.0   time_batch-13
2020-08-26 11:24:33,776  13 13 13
2020-08-26 11:24:38,703  simulink_timestamp-65.0   time_batch-14
2020-08-26 11:24:38,704  14 14 14
2020-08-26 11:24:43,636  simulink_timestamp-70.0   time_batch-15
2020-08-26 11:24:43,637  15 15 15
2020-08-26 11:24:48,570  simulink_timestamp-75.0   time_batch-16
2020-08-26 11:24:48,571  16 16 16
2020-08-26 11:24:53,525  simulink_timestamp-80.0   time_batch-17
2020-08-26 11:24:53,525  17 17 17
2020-08-26 11:24:58,538  simulink_timestamp-85.0   time_batch-18
2020-08-26 11:24:58,539  18 18 18
2020-08-26 11:25:03,529  simulink_timestamp-90.0   time_batch-19
2020-08-26 11:25:03,530  19 19 19
2020-08-26 11:25:08,494  simulink_timestamp-95.0   time_batch-20
2020-08-26 11:25:08,495  20 20 20
2020-08-26 11:25:13,439  simulink_timestamp-100.0   time_batch-21
2020-08-26 11:25:13,440  21 21 21
2020-08-26 11:25:18,395  simulink_timestamp-105.0   time_batch-22
2020-08-26 11:25:18,396  22 22 22
2020-08-26 11:25:23,318  simulink_timestamp-110.0   time_batch-23
2020-08-26 11:25:23,319  23 23 23
2020-08-26 11:25:28,252  simulink_timestamp-115.0   time_batch-24
2020-08-26 11:25:28,253  24 24 24
2020-08-26 11:25:33,196  simulink_timestamp-120.0   time_batch-25
2020-08-26 11:25:33,197  25 25 25
2020-08-26 11:25:38,122  simulink_timestamp-125.0   time_batch-26
2020-08-26 11:25:38,123  26 26 26
2020-08-26 11:25:43,099  simulink_timestamp-130.0   time_batch-27
2020-08-26 11:25:43,100  27 27 27
2020-08-26 11:25:48,084  simulink_timestamp-135.0   time_batch-28
2020-08-26 11:25:48,085  28 28 28
2020-08-26 11:25:53,062  simulink_timestamp-140.0   time_batch-29
2020-08-26 11:25:53,063  29 29 29
2020-08-26 11:25:58,041  simulink_timestamp-145.0   time_batch-30
2020-08-26 11:25:58,042  30 30 30
2020-08-26 11:26:03,054  simulink_timestamp-150.0   time_batch-31
2020-08-26 11:26:03,055  31 31 31
2020-08-26 11:26:08,020  simulink_timestamp-155.0   time_batch-32
2020-08-26 11:26:08,020  32 32 32
2020-08-26 11:26:12,964  simulink_timestamp-160.0   time_batch-33
2020-08-26 11:26:12,965  33 33 33
2020-08-26 11:26:17,926  simulink_timestamp-165.0   time_batch-34
2020-08-26 11:26:17,927  34 34 34
2020-08-26 11:26:22,881  simulink_timestamp-170.0   time_batch-35
2020-08-26 11:26:22,882  35 35 35
2020-08-26 11:26:27,887  simulink_timestamp-175.0   time_batch-36
2020-08-26 11:26:27,887  36 36 36
2020-08-26 11:26:32,841  simulink_timestamp-180.0   time_batch-37
2020-08-26 11:26:32,842  37 37 37
2020-08-26 11:26:37,811  simulink_timestamp-185.0   time_batch-38
2020-08-26 11:26:37,812  38 38 38
2020-08-26 11:26:42,853  simulink_timestamp-190.0   time_batch-39
2020-08-26 11:26:42,854  39 39 39
2020-08-26 11:26:47,856  simulink_timestamp-195.0   time_batch-40
2020-08-26 11:26:47,857  40 40 40
2020-08-26 11:26:52,816  simulink_timestamp-200.0   time_batch-41
2020-08-26 11:26:52,817  41 41 41
2020-08-26 11:27:00,633  simulink_timestamp-205.0   time_batch-42
2020-08-26 11:27:00,634  42 42 42
2020-08-26 11:27:06,121  simulink_timestamp-210.0   time_batch-43
2020-08-26 11:27:06,121  43 43 43
2020-08-26 11:27:11,507  simulink_timestamp-215.0   time_batch-44
2020-08-26 11:27:11,509  44 44 44
2020-08-26 11:27:16,584  simulink_timestamp-220.0   time_batch-45
2020-08-26 11:27:16,585  45 45 45
2020-08-26 11:27:21,619  simulink_timestamp-225.0   time_batch-46
2020-08-26 11:27:21,620  46 46 46
2020-08-26 11:27:27,546  simulink_timestamp-230.0   time_batch-47
2020-08-26 11:27:27,548  47 47 47
2020-08-26 11:27:32,643  simulink_timestamp-235.0   time_batch-48
2020-08-26 11:27:32,645  48 48 48
2020-08-26 11:27:37,647  simulink_timestamp-240.0   time_batch-49
2020-08-26 11:27:37,648  49 49 49
2020-08-26 11:27:42,572  simulink_timestamp-245.0   time_batch-50
2020-08-26 11:27:42,573  50 50 50
2020-08-26 11:27:47,332  simulink_timestamp-250.0   time_batch-51
2020-08-26 11:27:47,333  51 51 51
2020-08-26 11:27:52,101  simulink_timestamp-255.0   time_batch-52
2020-08-26 11:27:52,102  52 52 52
2020-08-26 11:27:56,886  simulink_timestamp-260.0   time_batch-53
2020-08-26 11:27:56,887  53 53 53
2020-08-26 11:28:01,684  simulink_timestamp-265.0   time_batch-54
2020-08-26 11:28:01,685  54 54 54
2020-08-26 11:28:06,463  simulink_timestamp-270.0   time_batch-55
2020-08-26 11:28:06,464  55 55 55
2020-08-26 11:28:11,276  simulink_timestamp-275.0   time_batch-56
2020-08-26 11:28:11,277  56 56 56
2020-08-26 11:28:16,068  simulink_timestamp-280.0   time_batch-57
2020-08-26 11:28:16,069  57 57 57
2020-08-26 11:28:20,886  simulink_timestamp-285.0   time_batch-58
2020-08-26 11:28:20,887  58 58 58
2020-08-26 11:28:25,700  simulink_timestamp-290.0   time_batch-59
2020-08-26 11:28:25,701  59 59 59
2020-08-26 11:28:30,482  simulink_timestamp-295.0   time_batch-60
2020-08-26 11:28:30,483  60 60 60
2020-08-26 11:28:35,338  simulink_timestamp-300.0   time_batch-61
2020-08-26 11:28:35,339  61 61 61
2020-08-26 11:28:40,164  simulink_timestamp-305.0   time_batch-62
2020-08-26 11:28:43,238  Signal R2S1 prediction takes 3.0727121829986572
2020-08-26 11:28:49,768  simulink_timestamp-315.0   time_batch-156
2020-08-26 11:28:49,768  simulink_timestamp-315.0   time_batch-156
2020-08-26 11:28:49,768  simulink_timestamp-315.0   time_batch-156
2020-08-26 11:28:49,768  simulink_timestamp-315.0   time_batch-156
2020-08-26 11:28:49,768  simulink_timestamp-315.0   time_batch-156
