2020-07-22 14:41:13,347  listen start at Wed Jul 22 14:41:13 2020
2020-07-22 15:58:23,990  listen start at Wed Jul 22 15:58:23 2020
2020-07-22 16:07:53,255  listen start at Wed Jul 22 16:07:53 2020
2020-07-22 16:09:16,648  1 1 1
2020-07-22 16:09:17,401  2 2 2
2020-07-22 16:09:17,952  3 3 3
2020-07-22 16:09:18,460  4 4 4
2020-07-22 16:09:18,970  5 5 5
2020-07-22 16:09:19,492  6 6 6
2020-07-22 16:09:20,024  7 7 7
2020-07-22 16:09:20,581  8 8 8
2020-07-22 16:09:21,113  9 9 9
2020-07-22 16:09:21,635  10 10 10
2020-07-22 16:09:22,180  11 11 11
2020-07-22 16:09:22,694  12 12 12
2020-07-22 16:09:23,219  13 13 13
2020-07-22 16:09:23,730  14 14 14
2020-07-22 16:09:24,248  15 15 15
2020-07-22 16:09:24,760  16 16 16
2020-07-22 16:09:25,266  17 17 17
2020-07-22 16:09:25,777  18 18 18
2020-07-22 16:09:26,288  19 19 19
2020-07-22 16:09:26,787  20 20 20
2020-07-22 16:09:27,286  21 21 21
2020-07-22 16:09:27,781  22 22 22
2020-07-22 16:09:28,277  23 23 23
2020-07-22 16:09:28,971  24 24 24
2020-07-22 16:09:29,456  25 25 25
2020-07-22 16:09:29,958  26 26 26
2020-07-22 16:09:30,470  27 27 27
2020-07-22 16:09:30,952  28 28 28
2020-07-22 16:09:31,456  29 29 29
2020-07-22 16:09:31,955  30 30 30
2020-07-22 16:09:32,455  31 31 31
2020-07-22 16:09:32,992  32 32 32
2020-07-22 16:09:33,498  33 33 33
2020-07-22 16:09:33,979  34 34 34
2020-07-22 16:09:34,483  35 35 35
2020-07-22 16:09:35,021  36 36 36
2020-07-22 16:09:35,510  37 37 37
2020-07-22 16:09:36,025  38 38 38
2020-07-22 16:09:36,544  39 39 39
2020-07-22 16:09:37,070  40 40 40
2020-07-22 16:09:37,587  41 41 41
2020-07-22 16:09:38,097  42 42 42
2020-07-22 16:09:38,612  43 43 43
2020-07-22 16:09:39,142  44 44 44
2020-07-22 16:09:39,659  45 45 45
2020-07-22 16:09:40,162  46 46 46
2020-07-22 16:09:40,675  47 47 47
2020-07-22 16:09:41,190  48 48 48
2020-07-22 16:09:41,699  49 49 49
2020-07-22 16:09:42,228  50 50 50
2020-07-22 16:09:42,738  51 51 51
2020-07-22 16:09:43,255  52 52 52
2020-07-22 16:09:43,768  53 53 53
2020-07-22 16:09:44,272  54 54 54
2020-07-22 16:09:44,786  55 55 55
2020-07-22 16:09:45,296  56 56 56
2020-07-22 16:09:45,805  57 57 57
2020-07-22 16:09:46,313  58 58 58
2020-07-22 16:09:46,817  59 59 59
2020-07-22 16:09:47,327  60 60 60
2020-07-22 16:09:47,832  61 61 61
2020-07-22 16:09:48,337  62 62 62
2020-07-22 16:09:48,846  63 63 63
2020-07-22 16:09:49,349  64 64 64
2020-07-22 16:09:49,870  65 65 65
2020-07-22 16:09:50,376  66 66 66
2020-07-22 16:09:50,888  67 67 67
2020-07-22 16:09:51,396  68 68 68
2020-07-22 16:09:51,899  69 69 69
2020-07-22 16:09:52,404  70 70 70
2020-07-22 16:09:52,913  71 71 71
2020-07-22 16:09:53,418  72 72 72
2020-07-22 16:09:53,921  73 73 73
2020-07-22 16:09:54,425  74 74 74
2020-07-22 16:09:54,935  75 75 75
2020-07-22 16:09:55,446  76 76 76
2020-07-22 16:09:55,951  77 77 77
2020-07-22 16:09:56,486  78 78 78
2020-07-22 16:09:57,008  79 79 79
2020-07-22 16:09:57,516  80 80 80
2020-07-22 16:09:58,031  81 81 81
2020-07-22 16:09:58,540  82 82 82
2020-07-22 16:09:59,054  83 83 83
2020-07-22 16:09:59,559  84 84 84
2020-07-22 16:10:00,061  85 85 85
2020-07-22 16:10:00,564  86 86 86
2020-07-22 16:10:01,065  87 87 87
2020-07-22 16:10:01,570  88 88 88
2020-07-22 16:10:02,072  89 89 89
2020-07-22 16:10:02,570  90 90 90
2020-07-22 16:10:03,077  91 91 91
2020-07-22 16:10:03,580  92 92 92
2020-07-22 16:10:04,084  93 93 93
2020-07-22 16:10:04,586  94 94 94
2020-07-22 16:10:05,095  95 95 95
2020-07-22 16:10:05,597  96 96 96
2020-07-22 16:10:06,101  97 97 97
2020-07-22 16:10:06,606  98 98 98
2020-07-22 16:10:07,121  99 99 99
2020-07-22 16:10:07,625  100 100 100
2020-07-22 16:10:08,130  101 101 101
2020-07-22 16:10:08,636  102 102 102
2020-07-22 16:10:09,142  103 103 103
2020-07-22 16:10:09,646  104 104 104
2020-07-22 16:10:10,154  105 105 105
2020-07-22 16:10:10,656  106 106 106
2020-07-22 16:10:11,158  107 107 107
2020-07-22 16:10:11,666  108 108 108
2020-07-22 16:10:12,168  109 109 109
2020-07-22 16:10:12,675  110 110 110
2020-07-22 16:10:13,178  111 111 111
2020-07-22 16:10:13,684  112 112 112
2020-07-22 16:10:14,192  113 113 113
2020-07-22 16:10:14,697  114 114 114
2020-07-22 16:10:15,200  115 115 115
2020-07-22 16:10:15,703  116 116 116
2020-07-22 16:10:16,213  117 117 117
2020-07-22 16:10:16,717  118 118 118
2020-07-22 16:10:17,223  119 119 119
2020-07-22 16:10:17,728  120 120 120
2020-07-22 16:10:18,230  121 121 121
2020-07-22 16:10:18,733  122 122 122
2020-07-22 16:10:19,240  123 123 123
2020-07-22 16:10:19,748  124 124 124
2020-07-22 16:10:20,263  125 125 125
2020-07-22 16:10:20,772  126 126 126
2020-07-22 16:10:21,274  127 127 127
2020-07-22 16:10:21,783  128 128 128
2020-07-22 16:10:22,295  129 129 129
2020-07-22 16:10:22,810  130 130 130
2020-07-22 16:10:23,374  131 131 131
2020-07-22 16:10:23,888  132 132 132
2020-07-22 16:10:24,402  133 133 133
2020-07-22 16:10:24,936  134 134 134
2020-07-22 16:10:25,441  135 135 135
2020-07-22 16:10:25,947  136 136 136
2020-07-22 16:10:26,453  137 137 137
2020-07-22 16:10:26,960  138 138 138
2020-07-22 16:10:27,466  139 139 139
2020-07-22 16:10:27,973  140 140 140
2020-07-22 16:10:28,477  141 141 141
2020-07-22 16:10:28,981  142 142 142
2020-07-22 16:10:29,484  143 143 143
2020-07-22 16:10:29,988  144 144 144
2020-07-22 16:10:30,501  145 145 145
2020-07-22 16:10:31,008  146 146 146
2020-07-22 16:10:31,513  147 147 147
2020-07-22 16:10:32,026  148 148 148
2020-07-22 16:10:32,534  149 149 149
2020-07-22 16:10:33,034  150 150 150
2020-07-22 16:10:33,534  151 151 151
2020-07-22 16:10:34,038  152 152 152
2020-07-22 16:10:34,541  153 153 153
2020-07-22 16:10:35,043  154 154 154
2020-07-22 16:10:35,544  155 155 155
2020-07-22 16:10:36,043  156 156 156
2020-07-22 16:10:36,556  157 157 157
2020-07-22 16:10:37,056  158 158 158
2020-07-22 16:10:37,561  159 159 159
2020-07-22 16:10:38,067  160 160 160
2020-07-22 16:10:38,571  161 161 161
2020-07-22 16:10:39,073  162 162 162
2020-07-22 16:10:39,578  163 163 163
2020-07-22 16:10:40,079  164 164 164
2020-07-22 16:10:40,586  165 165 165
2020-07-22 16:10:41,094  166 166 166
2020-07-22 16:10:41,605  167 167 167
2020-07-22 16:10:42,109  168 168 168
2020-07-22 16:10:42,620  169 169 169
2020-07-22 16:10:43,129  170 170 170
2020-07-22 16:10:43,639  171 171 171
2020-07-22 16:10:44,144  172 172 172
2020-07-22 16:10:44,648  173 173 173
2020-07-22 16:10:45,151  174 174 174
2020-07-22 16:10:45,682  175 175 175
2020-07-22 16:10:46,185  176 176 176
2020-07-22 16:10:46,688  177 177 177
2020-07-22 16:10:47,208  178 178 178
2020-07-22 16:10:47,721  179 179 179
2020-07-22 16:10:48,222  180 180 180
2020-07-22 16:10:48,746  181 181 181
2020-07-22 16:10:49,250  182 182 182
2020-07-22 16:10:49,753  183 183 183
2020-07-22 16:10:50,269  184 184 184
2020-07-22 16:10:50,769  185 185 185
2020-07-22 16:10:51,270  186 186 186
2020-07-22 16:10:51,775  187 187 187
2020-07-22 16:10:52,276  188 188 188
2020-07-22 16:10:52,784  189 189 189
2020-07-22 16:10:53,301  190 190 190
2020-07-22 16:10:53,810  191 191 191
2020-07-22 16:10:54,312  192 192 192
2020-07-22 16:10:54,916  193 193 193
2020-07-22 16:10:55,434  194 194 194
2020-07-22 16:10:55,956  195 195 195
2020-07-22 16:10:56,479  196 196 196
2020-07-22 16:10:57,043  197 197 197
2020-07-22 16:10:57,564  198 198 198
2020-07-22 16:10:58,085  199 199 199
2020-07-22 16:10:58,591  200 200 200
2020-07-22 16:10:59,167  201 201 201
2020-07-22 16:10:59,700  202 202 202
2020-07-22 16:11:00,218  203 203 203
2020-07-22 16:11:00,730  204 204 204
2020-07-22 16:11:01,266  205 205 205
2020-07-22 16:11:01,784  206 206 206
2020-07-22 16:11:02,307  207 207 207
2020-07-22 16:11:02,835  208 208 208
2020-07-22 16:11:03,732  209 209 209
2020-07-22 16:11:06,582  210 210 210
2020-07-22 16:11:07,202  211 211 211
2020-07-22 16:11:07,706  212 212 212
2020-07-22 16:11:08,309  213 213 213
2020-07-22 16:11:09,018  214 214 214
2020-07-22 16:11:09,554  215 215 215
2020-07-22 16:11:10,292  216 216 216
2020-07-22 16:11:10,831  217 217 217
2020-07-22 16:11:11,359  218 218 218
2020-07-22 16:11:11,892  219 219 219
2020-07-22 16:11:12,432  220 220 220
2020-07-22 16:11:12,966  221 221 221
2020-07-22 16:11:13,501  222 222 222
2020-07-22 16:11:14,022  223 223 223
2020-07-22 16:11:14,561  224 224 224
2020-07-22 16:11:15,100  225 225 225
2020-07-22 16:11:15,629  226 226 226
2020-07-22 16:11:16,264  227 227 227
2020-07-22 16:11:16,926  228 228 228
2020-07-22 16:11:17,466  229 229 229
2020-07-22 16:11:17,992  230 230 230
2020-07-22 16:11:18,528  231 231 231
2020-07-22 16:11:19,029  232 232 232
2020-07-22 16:11:19,556  233 233 233
2020-07-22 16:11:20,408  234 234 234
2020-07-22 16:11:20,934  235 235 235
2020-07-22 16:11:21,462  236 236 236
2020-07-22 16:11:22,063  237 237 237
2020-07-22 16:11:24,586  238 238 238
2020-07-22 16:11:26,367  239 239 239
2020-07-22 16:11:26,905  240 240 240
2020-07-22 16:11:27,420  241 241 241
2020-07-22 16:11:27,944  242 242 242
2020-07-22 16:11:28,516  243 243 243
2020-07-22 16:11:29,026  244 244 244
2020-07-22 16:11:29,541  245 245 245
2020-07-22 16:11:30,066  246 246 246
2020-07-22 16:11:30,586  247 247 247
2020-07-22 16:11:31,094  248 248 248
2020-07-22 16:11:31,618  249 249 249
2020-07-22 16:11:32,137  250 250 250
2020-07-22 16:11:32,655  251 251 251
2020-07-22 16:11:33,173  252 252 252
2020-07-22 16:11:33,707  253 253 253
2020-07-22 16:11:34,241  254 254 254
2020-07-22 16:11:34,767  255 255 255
2020-07-22 16:11:35,295  256 256 256
2020-07-22 16:11:35,815  257 257 257
2020-07-22 16:11:36,332  258 258 258
2020-07-22 16:11:36,851  259 259 259
2020-07-22 16:11:37,374  260 260 260
2020-07-22 16:11:37,887  261 261 261
2020-07-22 16:31:06,493  listen start at Wed Jul 22 16:31:06 2020
2020-07-22 16:31:11,549  1 1 1
2020-07-22 16:31:12,286  2 2 2
2020-07-22 16:31:12,850  3 3 3
2020-07-22 16:31:13,363  4 4 4
2020-07-22 16:31:13,870  5 5 5
2020-07-22 16:31:14,404  6 6 6
2020-07-22 16:31:14,936  7 7 7
2020-07-22 16:31:15,487  8 8 8
2020-07-22 16:31:16,000  9 9 9
2020-07-22 16:31:16,506  10 10 10
2020-07-22 16:31:17,010  11 11 11
2020-07-22 16:31:17,512  12 12 12
2020-07-22 16:31:18,012  13 13 13
2020-07-22 16:31:18,514  14 14 14
2020-07-22 16:31:19,016  15 15 15
2020-07-22 16:31:19,523  16 16 16
2020-07-22 16:31:20,029  17 17 17
2020-07-22 16:31:20,534  18 18 18
2020-07-22 16:31:21,043  19 19 19
2020-07-22 16:31:21,548  20 20 20
2020-07-22 16:31:22,052  21 21 21
2020-07-22 16:31:22,557  22 22 22
2020-07-22 16:31:23,054  23 23 23
2020-07-22 16:31:23,742  24 24 24
2020-07-22 16:31:24,221  25 25 25
2020-07-22 16:31:24,720  26 26 26
2020-07-22 16:31:25,233  27 27 27
2020-07-22 16:31:25,714  28 28 28
2020-07-22 16:31:26,216  29 29 29
2020-07-22 16:31:26,719  30 30 30
2020-07-22 16:31:27,222  31 31 31
2020-07-22 16:31:27,754  32 32 32
2020-07-22 16:31:28,260  33 33 33
2020-07-22 16:31:28,765  34 34 34
2020-07-22 16:31:29,288  35 35 35
2020-07-22 16:31:29,767  36 36 36
2020-07-22 16:31:30,253  37 37 37
2020-07-22 16:31:30,740  38 38 38
2020-07-22 16:31:31,232  39 39 39
2020-07-22 16:31:31,712  40 40 40
2020-07-22 16:31:32,191  41 41 41
2020-07-22 16:31:32,675  42 42 42
2020-07-22 16:31:33,155  43 43 43
2020-07-22 16:31:33,633  44 44 44
2020-07-22 16:31:34,112  45 45 45
2020-07-22 16:31:34,589  46 46 46
2020-07-22 16:31:35,071  47 47 47
2020-07-22 16:31:35,550  48 48 48
2020-07-22 16:31:36,032  49 49 49
2020-07-22 16:31:36,517  50 50 50
2020-07-22 16:31:36,994  51 51 51
2020-07-22 16:31:37,489  52 52 52
2020-07-22 16:31:37,975  53 53 53
2020-07-22 16:31:38,458  54 54 54
2020-07-22 16:31:38,940  55 55 55
2020-07-22 16:31:39,418  56 56 56
2020-07-22 16:31:39,901  57 57 57
2020-07-22 16:31:40,379  58 58 58
2020-07-22 16:31:40,858  59 59 59
2020-07-22 16:31:41,345  60 60 60
2020-07-22 16:31:41,824  61 61 61
2020-07-22 16:31:42,302  62 62 62
2020-07-22 16:31:42,780  63 63 63
2020-07-22 16:31:43,260  64 64 64
2020-07-22 16:31:43,741  65 65 65
2020-07-22 16:31:44,219  66 66 66
2020-07-22 16:31:44,701  67 67 67
2020-07-22 16:31:45,183  68 68 68
2020-07-22 16:31:45,662  69 69 69
2020-07-22 16:31:46,139  70 70 70
2020-07-22 16:31:46,622  71 71 71
2020-07-22 16:31:47,099  72 72 72
2020-07-22 16:31:47,580  73 73 73
2020-07-22 16:31:48,059  74 74 74
2020-07-22 16:31:48,536  75 75 75
2020-07-22 16:31:49,013  76 76 76
2020-07-22 16:31:49,489  77 77 77
2020-07-22 16:31:49,967  78 78 78
2020-07-22 16:31:50,448  79 79 79
2020-07-22 16:31:50,934  80 80 80
2020-07-22 16:31:51,412  81 81 81
2020-07-22 16:31:51,891  82 82 82
2020-07-22 16:31:52,370  83 83 83
2020-07-22 16:31:52,853  84 84 84
2020-07-22 16:31:53,338  85 85 85
2020-07-22 16:31:53,822  86 86 86
2020-07-22 16:31:54,306  87 87 87
2020-07-22 16:31:54,784  88 88 88
2020-07-22 16:31:55,262  89 89 89
2020-07-22 16:31:55,741  90 90 90
2020-07-22 16:31:56,219  91 91 91
2020-07-22 16:31:56,696  92 92 92
2020-07-22 16:31:57,171  93 93 93
2020-07-22 16:31:57,646  94 94 94
2020-07-22 16:31:58,127  95 95 95
2020-07-22 16:31:58,603  96 96 96
2020-07-22 16:31:59,082  97 97 97
2020-07-22 16:31:59,557  98 98 98
2020-07-22 16:32:00,033  99 99 99
2020-07-22 16:32:00,541  100 100 100
2020-07-22 16:32:01,035  101 101 101
2020-07-22 16:32:01,533  102 102 102
2020-07-22 16:32:02,035  103 103 103
2020-07-22 16:32:02,536  104 104 104
2020-07-22 16:32:03,036  105 105 105
2020-07-22 16:32:03,540  106 106 106
2020-07-22 16:32:04,035  107 107 107
2020-07-22 16:32:04,537  108 108 108
2020-07-22 16:32:05,034  109 109 109
2020-07-22 16:32:05,535  110 110 110
2020-07-22 16:32:06,036  111 111 111
2020-07-22 16:32:06,538  112 112 112
2020-07-22 16:32:07,035  113 113 113
2020-07-22 16:32:07,535  114 114 114
2020-07-22 16:32:08,037  115 115 115
2020-07-22 16:32:08,537  116 116 116
2020-07-22 16:32:09,035  117 117 117
2020-07-22 16:32:09,547  118 118 118
2020-07-22 16:32:10,063  119 119 119
2020-07-22 16:32:10,606  120 120 120
2020-07-22 16:32:11,085  121 121 121
2020-07-22 16:32:11,567  122 122 122
2020-07-22 16:32:12,045  123 123 123
2020-07-22 16:32:12,536  124 124 124
2020-07-22 16:32:13,037  125 125 125
2020-07-22 16:32:13,542  126 126 126
2020-07-22 16:32:14,034  127 127 127
2020-07-22 16:32:14,537  128 128 128
2020-07-22 16:32:15,037  129 129 129
2020-07-22 16:32:15,541  130 130 130
2020-07-22 16:32:16,047  131 131 131
2020-07-22 16:32:16,537  132 132 132
2020-07-22 16:32:17,038  133 133 133
2020-07-22 16:32:17,535  134 134 134
2020-07-22 16:32:18,037  135 135 135
2020-07-22 16:32:18,536  136 136 136
2020-07-22 16:32:19,037  137 137 137
2020-07-22 16:32:19,539  138 138 138
2020-07-22 16:32:20,038  139 139 139
2020-07-22 16:32:20,537  140 140 140
2020-07-22 16:32:21,036  141 141 141
2020-07-22 16:32:21,536  142 142 142
2020-07-22 16:32:22,036  143 143 143
2020-07-22 16:32:22,533  144 144 144
2020-07-22 16:32:23,037  145 145 145
2020-07-22 16:32:23,537  146 146 146
2020-07-22 16:32:24,034  147 147 147
2020-07-22 16:32:24,535  148 148 148
2020-07-22 16:32:25,037  149 149 149
2020-07-22 16:32:25,536  150 150 150
2020-07-22 16:32:26,040  151 151 151
2020-07-22 16:32:26,537  152 152 152
2020-07-22 16:32:27,037  153 153 153
2020-07-22 16:32:27,545  154 154 154
2020-07-22 16:32:28,043  155 155 155
2020-07-22 16:32:28,535  156 156 156
2020-07-22 16:33:15,544  listen start at Wed Jul 22 16:33:15 2020
2020-07-22 16:35:07,175  listen start at Wed Jul 22 16:35:07 2020
2020-07-22 16:35:34,534  1 1 1
2020-07-22 16:35:35,295  2 2 2
2020-07-22 16:35:35,823  3 3 3
2020-07-22 16:35:36,328  4 4 4
2020-07-22 16:35:36,837  5 5 5
2020-07-22 16:35:37,362  6 6 6
2020-07-22 16:35:37,890  7 7 7
2020-07-22 16:35:38,402  8 8 8
2020-07-22 16:35:38,912  9 9 9
2020-07-22 16:35:39,422  10 10 10
2020-07-22 16:35:39,932  11 11 11
2020-07-22 16:35:40,431  12 12 12
2020-07-22 16:35:40,937  13 13 13
2020-07-22 16:35:41,446  14 14 14
2020-07-22 16:35:41,954  15 15 15
2020-07-22 16:35:42,464  16 16 16
2020-07-22 16:35:42,974  17 17 17
2020-07-22 16:35:43,480  18 18 18
2020-07-22 16:35:43,983  19 19 19
2020-07-22 16:35:44,492  20 20 20
2020-07-22 16:35:45,001  21 21 21
2020-07-22 16:35:45,499  22 22 22
2020-07-22 16:35:45,998  23 23 23
2020-07-22 16:35:46,757  24 24 24
2020-07-22 16:35:47,233  25 25 25
2020-07-22 16:35:47,741  26 26 26
2020-07-22 16:35:48,326  27 27 27
2020-07-22 16:35:48,799  28 28 28
2020-07-22 16:35:49,295  29 29 29
2020-07-22 16:35:49,796  30 30 30
2020-07-22 16:35:50,301  31 31 31
2020-07-22 16:35:50,807  32 32 32
2020-07-22 16:35:51,308  33 33 33
2020-07-22 16:35:51,783  34 34 34
2020-07-22 16:35:52,298  35 35 35
2020-07-22 16:35:52,805  36 36 36
2020-07-22 16:35:53,307  37 37 37
2020-07-22 16:35:53,831  38 38 38
2020-07-22 16:35:54,344  39 39 39
2020-07-22 16:35:54,846  40 40 40
2020-07-22 16:35:55,363  41 41 41
2020-07-22 16:35:55,863  42 42 42
2020-07-22 16:35:56,375  43 43 43
2020-07-22 16:35:56,887  44 44 44
2020-07-22 16:35:57,401  45 45 45
2020-07-22 16:35:57,904  46 46 46
2020-07-22 16:35:58,412  47 47 47
2020-07-22 16:35:58,917  48 48 48
2020-07-22 16:35:59,427  49 49 49
2020-07-22 16:35:59,943  50 50 50
2020-07-22 16:36:00,460  51 51 51
2020-07-22 16:36:00,967  52 52 52
2020-07-22 16:36:01,487  53 53 53
2020-07-22 16:36:01,989  54 54 54
2020-07-22 16:36:02,495  55 55 55
2020-07-22 16:36:02,998  56 56 56
2020-07-22 16:36:03,504  57 57 57
2020-07-22 16:36:04,011  58 58 58
2020-07-22 16:36:04,525  59 59 59
2020-07-22 16:36:05,030  60 60 60
2020-07-22 16:36:05,543  61 61 61
2020-07-22 16:36:06,049  62 62 62
2020-07-22 16:36:06,554  63 63 63
2020-07-22 16:36:07,062  64 64 64
2020-07-22 16:36:07,563  65 65 65
2020-07-22 16:36:08,070  66 66 66
2020-07-22 16:36:08,598  67 67 67
2020-07-22 16:36:09,108  68 68 68
2020-07-22 16:36:09,622  69 69 69
2020-07-22 16:36:10,132  70 70 70
2020-07-22 16:36:10,644  71 71 71
2020-07-22 16:36:11,154  72 72 72
2020-07-22 16:36:11,662  73 73 73
2020-07-22 16:36:12,168  74 74 74
2020-07-22 16:36:12,680  75 75 75
2020-07-22 16:36:13,187  76 76 76
2020-07-22 16:36:13,694  77 77 77
2020-07-22 16:36:14,206  78 78 78
2020-07-22 16:36:14,715  79 79 79
2020-07-22 16:36:15,223  80 80 80
2020-07-22 16:36:15,724  81 81 81
2020-07-22 16:36:16,233  82 82 82
2020-07-22 16:36:16,760  83 83 83
2020-07-22 16:36:17,277  84 84 84
2020-07-22 16:36:17,788  85 85 85
2020-07-22 16:36:18,293  86 86 86
2020-07-22 16:36:18,800  87 87 87
2020-07-22 16:36:19,352  88 88 88
2020-07-22 16:36:19,888  89 89 89
2020-07-22 16:36:20,415  90 90 90
2020-07-22 16:36:20,927  91 91 91
2020-07-22 16:36:21,440  92 92 92
2020-07-22 16:36:21,948  93 93 93
2020-07-22 16:36:22,463  94 94 94
2020-07-22 16:36:22,972  95 95 95
2020-07-22 16:36:23,487  96 96 96
2020-07-22 16:36:24,001  97 97 97
2020-07-22 16:36:24,512  98 98 98
2020-07-22 16:36:25,031  99 99 99
2020-07-22 16:36:25,558  100 100 100
2020-07-22 16:36:26,072  101 101 101
2020-07-22 16:36:26,589  102 102 102
2020-07-22 16:36:27,097  103 103 103
2020-07-22 16:36:27,607  104 104 104
2020-07-22 16:36:28,118  105 105 105
2020-07-22 16:36:28,625  106 106 106
2020-07-22 16:36:29,142  107 107 107
2020-07-22 16:36:29,649  108 108 108
2020-07-22 16:36:30,160  109 109 109
2020-07-22 16:36:30,671  110 110 110
2020-07-22 16:36:31,187  111 111 111
2020-07-22 16:36:31,706  112 112 112
2020-07-22 16:36:32,219  113 113 113
2020-07-22 16:36:32,736  114 114 114
2020-07-22 16:36:33,248  115 115 115
2020-07-22 16:36:33,755  116 116 116
2020-07-22 16:36:34,265  117 117 117
2020-07-22 16:36:34,783  118 118 118
2020-07-22 16:36:35,299  119 119 119
2020-07-22 16:36:35,813  120 120 120
2020-07-22 16:36:36,337  121 121 121
2020-07-22 16:36:36,855  122 122 122
2020-07-22 16:36:37,372  123 123 123
2020-07-22 16:36:37,899  124 124 124
2020-07-22 16:36:38,406  125 125 125
2020-07-22 16:36:38,913  126 126 126
2020-07-22 16:36:39,418  127 127 127
2020-07-22 16:36:39,934  128 128 128
2020-07-22 16:36:40,450  129 129 129
2020-07-22 16:36:40,962  130 130 130
2020-07-22 16:36:41,483  131 131 131
2020-07-22 16:36:41,998  132 132 132
2020-07-22 16:36:42,509  133 133 133
2020-07-22 16:36:43,019  134 134 134
2020-07-22 16:36:43,532  135 135 135
2020-07-22 16:36:44,045  136 136 136
2020-07-22 16:36:44,564  137 137 137
2020-07-22 16:36:45,068  138 138 138
2020-07-22 16:36:45,575  139 139 139
2020-07-22 16:36:46,084  140 140 140
2020-07-22 16:36:46,604  141 141 141
2020-07-22 16:36:47,112  142 142 142
2020-07-22 16:36:47,624  143 143 143
2020-07-22 16:36:48,142  144 144 144
2020-07-22 16:36:48,650  145 145 145
2020-07-22 16:36:49,167  146 146 146
2020-07-22 16:36:49,677  147 147 147
2020-07-22 16:36:50,186  148 148 148
2020-07-22 16:36:50,698  149 149 149
2020-07-22 16:36:51,217  150 150 150
2020-07-22 16:36:51,736  151 151 151
2020-07-22 16:36:52,247  152 152 152
2020-07-22 16:36:52,778  153 153 153
2020-07-22 16:36:53,300  154 154 154
2020-07-22 16:36:53,812  155 155 155
2020-07-22 16:36:54,324  156 156 156
2020-07-22 16:36:54,842  157 157 157
2020-07-22 16:36:55,347  158 158 158
2020-07-22 16:36:55,858  159 159 159
2020-07-22 16:36:56,373  160 160 160
2020-07-22 16:36:56,898  161 161 161
2020-07-22 16:36:57,418  162 162 162
2020-07-22 16:36:57,948  163 163 163
2020-07-22 16:36:58,469  164 164 164
2020-07-22 16:36:58,991  165 165 165
2020-07-22 16:36:59,503  166 166 166
2020-07-22 16:37:00,024  167 167 167
2020-07-22 16:37:00,542  168 168 168
2020-07-22 16:37:01,051  169 169 169
2020-07-22 16:37:01,563  170 170 170
2020-07-22 16:37:02,085  171 171 171
2020-07-22 16:37:02,599  172 172 172
2020-07-22 16:37:03,113  173 173 173
2020-07-22 16:37:03,621  174 174 174
2020-07-22 16:37:04,129  175 175 175
2020-07-22 16:37:04,644  176 176 176
2020-07-22 16:37:05,162  177 177 177
2020-07-22 16:37:05,679  178 178 178
2020-07-22 16:37:06,195  179 179 179
2020-07-22 16:37:06,713  180 180 180
2020-07-22 16:37:07,230  181 181 181
2020-07-22 16:37:07,749  182 182 182
2020-07-22 16:37:08,271  183 183 183
2020-07-22 16:37:08,788  184 184 184
2020-07-22 16:37:09,303  185 185 185
2020-07-22 16:37:09,822  186 186 186
2020-07-22 16:37:10,346  187 187 187
2020-07-22 16:37:10,858  188 188 188
2020-07-22 16:37:11,375  189 189 189
2020-07-22 16:37:11,898  190 190 190
2020-07-22 16:37:12,425  191 191 191
2020-07-22 16:37:12,941  192 192 192
2020-07-22 16:37:13,468  193 193 193
2020-07-22 16:37:13,987  194 194 194
2020-07-22 16:37:14,506  195 195 195
2020-07-22 16:37:15,530  196 196 196
2020-07-22 16:37:16,490  197 197 197
2020-07-22 16:37:17,044  198 198 198
2020-07-22 16:37:17,844  199 199 199
2020-07-22 16:37:18,478  200 200 200
2020-07-22 16:37:18,997  201 201 201
2020-07-22 16:37:19,758  202 202 202
2020-07-22 16:37:20,614  203 203 203
2020-07-22 16:37:21,307  204 204 204
2020-07-22 16:37:21,997  205 205 205
2020-07-22 16:37:22,522  206 206 206
2020-07-22 16:37:23,109  207 207 207
2020-07-22 16:37:23,676  208 208 208
2020-07-22 16:37:24,226  209 209 209
2020-07-22 16:37:24,748  210 210 210
2020-07-22 16:37:25,281  211 211 211
2020-07-22 16:37:25,807  212 212 212
2020-07-22 16:37:26,578  213 213 213
2020-07-22 16:37:27,123  214 214 214
2020-07-22 16:37:27,634  215 215 215
2020-07-22 16:37:28,127  216 216 216
2020-07-22 16:37:28,648  217 217 217
2020-07-22 16:37:29,292  218 218 218
2020-07-22 16:37:30,066  219 219 219
2020-07-22 16:37:31,227  220 220 220
2020-07-22 16:37:31,733  221 221 221
2020-07-22 16:37:32,244  222 222 222
2020-07-22 16:37:32,762  223 223 223
2020-07-22 16:37:33,266  224 224 224
2020-07-22 16:37:33,782  225 225 225
2020-07-22 16:37:34,289  226 226 226
2020-07-22 16:37:34,772  227 227 227
2020-07-22 16:37:35,280  228 228 228
2020-07-22 16:37:35,799  229 229 229
2020-07-22 16:37:36,326  230 230 230
2020-07-22 16:37:36,843  231 231 231
2020-07-22 16:37:37,359  232 232 232
2020-07-22 16:37:37,879  233 233 233
2020-07-22 16:37:38,392  234 234 234
2020-07-22 16:37:38,915  235 235 235
2020-07-22 16:37:39,424  236 236 236
2020-07-22 16:37:39,942  237 237 237
2020-07-22 16:37:40,475  238 238 238
2020-07-22 16:37:40,986  239 239 239
2020-07-22 16:37:41,497  240 240 240
2020-07-22 16:37:42,010  241 241 241
2020-07-22 16:37:42,518  242 242 242
2020-07-22 16:37:43,036  243 243 243
2020-07-22 16:37:43,547  244 244 244
2020-07-22 16:37:44,063  245 245 245
2020-07-22 16:37:44,568  246 246 246
2020-07-22 16:37:45,074  247 247 247
2020-07-22 16:37:45,582  248 248 248
2020-07-22 16:37:46,087  249 249 249
2020-07-22 16:37:46,608  250 250 250
2020-07-22 16:37:47,115  251 251 251
2020-07-22 16:37:47,621  252 252 252
2020-07-22 16:37:48,128  253 253 253
2020-07-22 16:37:48,631  254 254 254
2020-07-22 16:37:49,144  255 255 255
2020-07-22 16:37:49,649  256 256 256
2020-07-22 16:37:50,157  257 257 257
2020-07-22 16:37:50,661  258 258 258
2020-07-22 16:37:51,170  259 259 259
2020-07-22 16:37:51,679  260 260 260
2020-07-22 16:37:52,190  261 261 261
2020-07-22 17:06:53,032  listen start at Wed Jul 22 17:06:53 2020
2020-07-22 17:07:53,767  listen start at Wed Jul 22 17:07:53 2020
2020-07-22 17:08:04,469  1 1 1
2020-07-22 17:08:05,214  2 2 2
2020-07-22 17:08:05,742  3 3 3
2020-07-22 17:08:06,253  4 4 4
2020-07-22 17:08:06,761  5 5 5
2020-07-22 17:08:07,289  6 6 6
2020-07-22 17:08:07,820  7 7 7
2020-07-22 17:08:08,334  8 8 8
2020-07-22 17:08:08,849  9 9 9
2020-07-22 17:08:09,370  10 10 10
2020-07-22 17:08:09,884  11 11 11
2020-07-22 17:08:10,391  12 12 12
2020-07-22 17:08:10,894  13 13 13
2020-07-22 17:08:11,404  14 14 14
2020-07-22 17:08:11,914  15 15 15
2020-07-22 17:08:12,425  16 16 16
2020-07-22 17:08:12,929  17 17 17
2020-07-22 17:08:13,438  18 18 18
2020-07-22 17:08:13,944  19 19 19
2020-07-22 17:08:14,446  20 20 20
2020-07-22 17:08:14,947  21 21 21
2020-07-22 17:08:15,448  22 22 22
2020-07-22 17:08:15,944  23 23 23
2020-07-22 17:08:16,659  24 24 24
2020-07-22 17:08:17,137  25 25 25
2020-07-22 17:08:17,637  26 26 26
2020-07-22 17:08:18,191  27 27 27
2020-07-22 17:08:18,675  28 28 28
2020-07-22 17:08:19,184  29 29 29
2020-07-22 17:08:19,664  30 30 30
2020-07-22 17:08:20,167  31 31 31
2020-07-22 17:08:20,682  32 32 32
2020-07-22 17:08:21,160  33 33 33
2020-07-22 17:08:21,664  34 34 34
2020-07-22 17:08:22,185  35 35 35
2020-07-22 17:08:22,669  36 36 36
2020-07-22 17:08:23,149  37 37 37
2020-07-22 17:08:23,677  38 38 38
2020-07-22 17:08:24,187  39 39 39
2020-07-22 17:08:24,698  40 40 40
2020-07-22 17:08:25,202  41 41 41
2020-07-22 17:08:25,710  42 42 42
2020-07-22 17:08:26,212  43 43 43
2020-07-22 17:08:26,718  44 44 44
2020-07-22 17:08:27,221  45 45 45
2020-07-22 17:08:27,728  46 46 46
2020-07-22 17:08:28,241  47 47 47
2020-07-22 17:08:28,776  48 48 48
2020-07-22 17:08:29,289  49 49 49
2020-07-22 17:08:29,796  50 50 50
2020-07-22 17:08:30,302  51 51 51
2020-07-22 17:08:30,809  52 52 52
2020-07-22 17:08:31,312  53 53 53
2020-07-22 17:08:31,825  54 54 54
2020-07-22 17:08:32,330  55 55 55
2020-07-22 17:08:32,842  56 56 56
2020-07-22 17:08:33,349  57 57 57
2020-07-22 17:08:33,864  58 58 58
2020-07-22 17:08:34,370  59 59 59
2020-07-22 17:08:34,880  60 60 60
2020-07-22 17:08:35,387  61 61 61
2020-07-22 17:08:35,893  62 62 62
2020-07-22 17:08:36,398  63 63 63
2020-07-22 17:08:36,913  64 64 64
2020-07-22 17:08:37,421  65 65 65
2020-07-22 17:08:37,953  66 66 66
2020-07-22 17:08:38,463  67 67 67
2020-07-22 17:08:38,972  68 68 68
2020-07-22 17:08:39,509  69 69 69
2020-07-22 17:08:40,022  70 70 70
2020-07-22 17:08:40,526  71 71 71
2020-07-22 17:08:41,035  72 72 72
2020-07-22 17:08:41,546  73 73 73
2020-07-22 17:08:42,058  74 74 74
2020-07-22 17:08:42,575  75 75 75
2020-07-22 17:08:43,089  76 76 76
2020-07-22 17:08:43,595  77 77 77
2020-07-22 17:08:44,112  78 78 78
2020-07-22 17:08:44,617  79 79 79
2020-07-22 17:08:45,124  80 80 80
2020-07-22 17:08:45,632  81 81 81
2020-07-22 17:08:46,138  82 82 82
2020-07-22 17:08:46,646  83 83 83
2020-07-22 17:08:47,159  84 84 84
2020-07-22 17:08:47,673  85 85 85
2020-07-22 17:08:48,176  86 86 86
2020-07-22 17:08:48,683  87 87 87
2020-07-22 17:08:49,205  88 88 88
2020-07-22 17:08:49,719  89 89 89
2020-07-22 17:08:50,230  90 90 90
2020-07-22 17:08:50,734  91 91 91
2020-07-22 17:08:51,248  92 92 92
2020-07-22 17:08:51,766  93 93 93
2020-07-22 17:08:52,269  94 94 94
2020-07-22 17:08:52,775  95 95 95
2020-07-22 17:08:53,278  96 96 96
2020-07-22 17:08:53,786  97 97 97
2020-07-22 17:08:54,293  98 98 98
2020-07-22 17:08:54,807  99 99 99
2020-07-22 17:08:55,308  100 100 100
2020-07-22 17:08:55,812  101 101 101
2020-07-22 17:08:56,316  102 102 102
2020-07-22 17:08:56,818  103 103 103
2020-07-22 17:08:57,332  104 104 104
2020-07-22 17:08:57,841  105 105 105
2020-07-22 17:08:58,355  106 106 106
2020-07-22 17:08:58,857  107 107 107
2020-07-22 17:08:59,380  108 108 108
2020-07-22 17:08:59,887  109 109 109
2020-07-22 17:09:00,398  110 110 110
2020-07-22 17:09:00,914  111 111 111
2020-07-22 17:09:01,428  112 112 112
2020-07-22 17:09:01,942  113 113 113
2020-07-22 17:09:02,453  114 114 114
2020-07-22 17:09:02,965  115 115 115
2020-07-22 17:09:03,482  116 116 116
2020-07-22 17:09:03,988  117 117 117
2020-07-22 17:09:04,501  118 118 118
2020-07-22 17:09:05,011  119 119 119
2020-07-22 17:09:05,519  120 120 120
2020-07-22 17:09:06,025  121 121 121
2020-07-22 17:09:06,530  122 122 122
2020-07-22 17:09:07,041  123 123 123
2020-07-22 17:09:07,546  124 124 124
2020-07-22 17:09:08,055  125 125 125
2020-07-22 17:09:08,558  126 126 126
2020-07-22 17:09:09,065  127 127 127
2020-07-22 17:09:09,573  128 128 128
2020-07-22 17:09:10,083  129 129 129
2020-07-22 17:09:10,587  130 130 130
2020-07-22 17:09:11,100  131 131 131
2020-07-22 17:09:11,608  132 132 132
2020-07-22 17:09:12,117  133 133 133
2020-07-22 17:09:12,621  134 134 134
2020-07-22 17:09:13,129  135 135 135
2020-07-22 17:09:13,643  136 136 136
2020-07-22 17:09:14,157  137 137 137
2020-07-22 17:09:14,673  138 138 138
2020-07-22 17:09:15,180  139 139 139
2020-07-22 17:09:15,690  140 140 140
2020-07-22 17:09:16,204  141 141 141
2020-07-22 17:09:16,720  142 142 142
2020-07-22 17:09:17,228  143 143 143
2020-07-22 17:09:17,731  144 144 144
2020-07-22 17:09:18,237  145 145 145
2020-07-22 17:09:18,743  146 146 146
2020-07-22 17:09:19,254  147 147 147
2020-07-22 17:09:19,760  148 148 148
2020-07-22 17:09:20,267  149 149 149
2020-07-22 17:09:20,774  150 150 150
2020-07-22 17:09:21,286  151 151 151
2020-07-22 17:09:21,790  152 152 152
2020-07-22 17:09:22,295  153 153 153
2020-07-22 17:09:22,800  154 154 154
2020-07-22 17:09:23,307  155 155 155
2020-07-22 17:09:23,818  156 156 156
2020-07-22 17:09:24,401  157 157 157
2020-07-22 17:09:24,924  158 158 158
2020-07-22 17:09:25,443  159 159 159
2020-07-22 17:09:25,951  160 160 160
2020-07-22 17:09:26,466  161 161 161
2020-07-22 17:09:26,979  162 162 162
2020-07-22 17:09:27,506  163 163 163
2020-07-22 17:09:28,021  164 164 164
2020-07-22 17:09:28,539  165 165 165
2020-07-22 17:09:29,052  166 166 166
2020-07-22 17:09:29,565  167 167 167
2020-07-22 17:09:30,090  168 168 168
2020-07-22 17:09:30,606  169 169 169
2020-07-22 17:09:31,122  170 170 170
2020-07-22 17:09:31,635  171 171 171
2020-07-22 17:09:32,148  172 172 172
2020-07-22 17:09:32,658  173 173 173
2020-07-22 17:09:33,166  174 174 174
2020-07-22 17:09:33,679  175 175 175
2020-07-22 17:09:34,178  176 176 176
2020-07-22 17:09:34,687  177 177 177
2020-07-22 17:09:35,199  178 178 178
2020-07-22 17:09:35,724  179 179 179
2020-07-22 17:09:36,248  180 180 180
2020-07-22 17:09:36,759  181 181 181
2020-07-22 17:09:37,286  182 182 182
2020-07-22 17:09:37,810  183 183 183
2020-07-22 17:09:38,318  184 184 184
2020-07-22 17:09:38,828  185 185 185
2020-07-22 17:09:39,340  186 186 186
2020-07-22 17:09:39,853  187 187 187
2020-07-22 17:09:40,374  188 188 188
2020-07-22 17:09:40,884  189 189 189
2020-07-22 17:09:41,396  190 190 190
2020-07-22 17:09:41,915  191 191 191
2020-07-22 17:09:42,441  192 192 192
2020-07-22 17:09:42,953  193 193 193
2020-07-22 17:09:43,465  194 194 194
2020-07-22 17:09:43,978  195 195 195
2020-07-22 17:09:44,493  196 196 196
2020-07-22 17:09:45,002  197 197 197
2020-07-22 17:09:45,510  198 198 198
2020-07-22 17:09:46,022  199 199 199
2020-07-22 17:09:46,543  200 200 200
2020-07-22 17:09:47,051  201 201 201
2020-07-22 17:09:47,563  202 202 202
2020-07-22 17:09:48,078  203 203 203
2020-07-22 17:09:48,583  204 204 204
2020-07-22 17:09:49,091  205 205 205
2020-07-22 17:09:49,598  206 206 206
2020-07-22 17:09:50,459  207 207 207
2020-07-22 17:09:51,136  208 208 208
2020-07-22 17:09:51,727  209 209 209
2020-07-22 17:09:52,352  210 210 210
2020-07-22 17:09:52,869  211 211 211
2020-07-22 17:09:53,407  212 212 212
2020-07-22 17:09:54,091  213 213 213
2020-07-22 17:09:54,808  214 214 214
2020-07-22 17:09:55,387  215 215 215
2020-07-22 17:09:56,020  216 216 216
2020-07-22 17:09:56,607  217 217 217
2020-07-22 17:09:57,173  218 218 218
2020-07-22 17:09:57,689  219 219 219
2020-07-22 17:09:58,246  220 220 220
2020-07-22 17:09:58,761  221 221 221
2020-07-22 17:09:59,280  222 222 222
2020-07-22 17:09:59,825  223 223 223
2020-07-22 17:10:00,343  224 224 224
2020-07-22 17:10:00,854  225 225 225
2020-07-22 17:10:01,369  226 226 226
2020-07-22 17:10:01,990  227 227 227
2020-07-22 17:10:02,521  228 228 228
2020-07-22 17:10:03,034  229 229 229
2020-07-22 17:10:03,522  230 230 230
2020-07-22 17:10:05,216  231 231 231
2020-07-22 17:10:05,719  232 232 232
2020-07-22 17:10:06,228  233 233 233
2020-07-22 17:10:06,732  234 234 234
2020-07-22 17:10:07,245  235 235 235
2020-07-22 17:10:07,727  236 236 236
2020-07-22 17:10:08,241  237 237 237
2020-07-22 17:10:08,744  238 238 238
2020-07-22 17:10:09,257  239 239 239
2020-07-22 17:10:09,746  240 240 240
2020-07-22 17:10:10,258  241 241 241
2020-07-22 17:10:10,770  242 242 242
2020-07-22 17:10:11,280  243 243 243
2020-07-22 17:10:11,789  244 244 244
2020-07-22 17:10:12,305  245 245 245
2020-07-22 17:10:12,815  246 246 246
2020-07-22 17:10:13,323  247 247 247
2020-07-22 17:10:13,840  248 248 248
2020-07-22 17:10:14,352  249 249 249
2020-07-22 17:10:14,862  250 250 250
2020-07-22 17:10:15,367  251 251 251
2020-07-22 17:10:15,882  252 252 252
2020-07-22 17:10:16,420  253 253 253
2020-07-22 17:10:16,938  254 254 254
2020-07-22 17:10:17,457  255 255 255
2020-07-22 17:10:17,972  256 256 256
2020-07-22 17:10:18,486  257 257 257
2020-07-22 17:10:18,998  258 258 258
2020-07-22 17:10:19,512  259 259 259
2020-07-22 17:10:20,029  260 260 260
2020-07-22 17:10:20,547  261 261 261
2020-07-22 17:11:40,350  listen start at Wed Jul 22 17:11:40 2020
2020-07-22 17:11:48,471  1 1 1
2020-07-22 17:11:49,229  2 2 2
2020-07-22 17:11:49,754  3 3 3
2020-07-22 17:11:50,258  4 4 4
2020-07-22 17:11:50,759  5 5 5
2020-07-22 17:11:51,281  6 6 6
2020-07-22 17:11:51,807  7 7 7
2020-07-22 17:11:52,316  8 8 8
2020-07-22 17:11:52,824  9 9 9
2020-07-22 17:11:53,343  10 10 10
2020-07-22 17:11:53,853  11 11 11
2020-07-22 17:11:54,357  12 12 12
2020-07-22 17:11:54,877  13 13 13
2020-07-22 17:11:55,389  14 14 14
2020-07-22 17:11:55,899  15 15 15
2020-07-22 17:11:56,410  16 16 16
2020-07-22 17:11:56,922  17 17 17
2020-07-22 17:11:57,424  18 18 18
2020-07-22 17:11:57,935  19 19 19
2020-07-22 17:11:58,448  20 20 20
2020-07-22 17:11:58,966  21 21 21
2020-07-22 17:11:59,490  22 22 22
2020-07-22 17:12:00,005  23 23 23
2020-07-22 17:12:00,707  24 24 24
2020-07-22 17:12:01,187  25 25 25
2020-07-22 17:12:01,691  26 26 26
2020-07-22 17:12:02,213  27 27 27
2020-07-22 17:12:02,693  28 28 28
2020-07-22 17:12:03,197  29 29 29
2020-07-22 17:12:03,709  30 30 30
2020-07-22 17:12:04,213  31 31 31
2020-07-22 17:12:04,719  32 32 32
2020-07-22 17:12:05,224  33 33 33
2020-07-22 17:12:05,738  34 34 34
2020-07-22 17:12:06,245  35 35 35
2020-07-22 17:12:06,749  36 36 36
2020-07-22 17:12:07,265  37 37 37
2020-07-22 17:12:07,786  38 38 38
2020-07-22 17:12:08,292  39 39 39
2020-07-22 17:12:08,813  40 40 40
2020-07-22 17:12:09,337  41 41 41
2020-07-22 17:12:09,855  42 42 42
2020-07-22 17:12:10,361  43 43 43
2020-07-22 17:12:10,875  44 44 44
2020-07-22 17:12:11,385  45 45 45
2020-07-22 17:12:11,904  46 46 46
2020-07-22 17:12:12,414  47 47 47
2020-07-22 17:12:12,919  48 48 48
2020-07-22 17:12:13,446  49 49 49
2020-07-22 17:12:13,951  50 50 50
2020-07-22 17:12:14,459  51 51 51
2020-07-22 17:12:14,973  52 52 52
2020-07-22 17:12:15,486  53 53 53
2020-07-22 17:12:15,993  54 54 54
2020-07-22 17:12:16,511  55 55 55
2020-07-22 17:12:17,020  56 56 56
2020-07-22 17:12:17,530  57 57 57
2020-07-22 17:12:18,039  58 58 58
2020-07-22 17:12:18,550  59 59 59
2020-07-22 17:12:19,061  60 60 60
2020-07-22 17:12:19,575  61 61 61
2020-07-22 17:12:20,084  62 62 62
2020-07-22 17:12:20,586  63 63 63
2020-07-22 17:12:21,100  64 64 64
2020-07-22 17:12:21,622  65 65 65
2020-07-22 17:12:22,136  66 66 66
2020-07-22 17:12:22,701  67 67 67
2020-07-22 17:12:23,227  68 68 68
2020-07-22 17:12:23,742  69 69 69
2020-07-22 17:12:24,302  70 70 70
2020-07-22 17:12:24,825  71 71 71
2020-07-22 17:12:25,337  72 72 72
2020-07-22 17:12:25,866  73 73 73
2020-07-22 17:12:26,378  74 74 74
2020-07-22 17:12:26,896  75 75 75
2020-07-22 17:12:27,415  76 76 76
2020-07-22 17:12:27,924  77 77 77
2020-07-22 17:12:28,431  78 78 78
2020-07-22 17:12:28,942  79 79 79
2020-07-22 17:12:29,453  80 80 80
2020-07-22 17:12:29,959  81 81 81
2020-07-22 17:12:30,470  82 82 82
2020-07-22 17:12:30,975  83 83 83
2020-07-22 17:12:31,489  84 84 84
2020-07-22 17:12:32,002  85 85 85
2020-07-22 17:12:32,516  86 86 86
2020-07-22 17:12:33,034  87 87 87
2020-07-22 17:12:33,546  88 88 88
2020-07-22 17:12:34,067  89 89 89
2020-07-22 17:12:34,575  90 90 90
2020-07-22 17:12:35,093  91 91 91
2020-07-22 17:12:35,609  92 92 92
2020-07-22 17:12:36,116  93 93 93
2020-07-22 17:12:36,625  94 94 94
2020-07-22 17:12:37,130  95 95 95
2020-07-22 17:12:37,641  96 96 96
2020-07-22 17:12:38,155  97 97 97
2020-07-22 17:12:38,670  98 98 98
2020-07-22 17:12:39,184  99 99 99
2020-07-22 17:12:39,700  100 100 100
2020-07-22 17:12:40,202  101 101 101
2020-07-22 17:12:40,717  102 102 102
2020-07-22 17:12:41,229  103 103 103
2020-07-22 17:12:41,863  104 104 104
2020-07-22 17:12:42,395  105 105 105
2020-07-22 17:12:42,902  106 106 106
2020-07-22 17:12:43,421  107 107 107
2020-07-22 17:12:43,929  108 108 108
2020-07-22 17:12:44,463  109 109 109
2020-07-22 17:12:44,971  110 110 110
2020-07-22 17:12:45,482  111 111 111
2020-07-22 17:12:46,007  112 112 112
2020-07-22 17:12:46,518  113 113 113
2020-07-22 17:12:47,024  114 114 114
2020-07-22 17:12:47,542  115 115 115
2020-07-22 17:12:48,051  116 116 116
2020-07-22 17:12:48,563  117 117 117
2020-07-22 17:12:49,086  118 118 118
2020-07-22 17:12:49,618  119 119 119
2020-07-22 17:12:50,129  120 120 120
2020-07-22 17:12:50,649  121 121 121
2020-07-22 17:12:51,156  122 122 122
2020-07-22 17:12:51,671  123 123 123
2020-07-22 17:12:52,183  124 124 124
2020-07-22 17:12:52,706  125 125 125
2020-07-22 17:12:53,221  126 126 126
2020-07-22 17:12:53,737  127 127 127
2020-07-22 17:12:54,267  128 128 128
2020-07-22 17:12:54,799  129 129 129
2020-07-22 17:12:55,314  130 130 130
2020-07-22 17:12:55,839  131 131 131
2020-07-22 17:12:56,350  132 132 132
2020-07-22 17:12:56,867  133 133 133
2020-07-22 17:12:57,398  134 134 134
2020-07-22 17:12:57,908  135 135 135
2020-07-22 17:12:58,434  136 136 136
2020-07-22 17:12:58,951  137 137 137
2020-07-22 17:12:59,476  138 138 138
2020-07-22 17:12:59,994  139 139 139
2020-07-22 17:13:00,514  140 140 140
2020-07-22 17:13:01,029  141 141 141
2020-07-22 17:13:01,541  142 142 142
2020-07-22 17:13:02,055  143 143 143
2020-07-22 17:13:02,578  144 144 144
2020-07-22 17:13:03,089  145 145 145
2020-07-22 17:13:03,604  146 146 146
2020-07-22 17:13:04,121  147 147 147
2020-07-22 17:13:04,630  148 148 148
2020-07-22 17:13:05,146  149 149 149
2020-07-22 17:13:05,661  150 150 150
2020-07-22 17:13:06,178  151 151 151
2020-07-22 17:13:06,693  152 152 152
2020-07-22 17:13:07,208  153 153 153
2020-07-22 17:13:07,715  154 154 154
2020-07-22 17:13:08,238  155 155 155
2020-07-22 17:13:08,747  156 156 156
2020-07-22 17:13:09,265  157 157 157
2020-07-22 17:13:09,785  158 158 158
2020-07-22 17:13:10,300  159 159 159
2020-07-22 17:13:10,812  160 160 160
2020-07-22 17:13:11,336  161 161 161
2020-07-22 17:13:11,846  162 162 162
2020-07-22 17:13:12,360  163 163 163
2020-07-22 17:13:12,876  164 164 164
2020-07-22 17:13:13,394  165 165 165
2020-07-22 17:13:13,907  166 166 166
2020-07-22 17:13:14,421  167 167 167
2020-07-22 17:13:14,933  168 168 168
2020-07-22 17:13:15,451  169 169 169
2020-07-22 17:13:15,961  170 170 170
2020-07-22 17:13:16,484  171 171 171
2020-07-22 17:13:16,994  172 172 172
2020-07-22 17:13:17,518  173 173 173
2020-07-22 17:13:18,031  174 174 174
2020-07-22 17:13:18,548  175 175 175
2020-07-22 17:13:19,059  176 176 176
2020-07-22 17:13:19,569  177 177 177
2020-07-22 17:13:20,085  178 178 178
2020-07-22 17:13:20,606  179 179 179
2020-07-22 17:13:21,123  180 180 180
2020-07-22 17:13:21,644  181 181 181
2020-07-22 17:13:22,152  182 182 182
2020-07-22 17:13:22,673  183 183 183
2020-07-22 17:13:23,230  184 184 184
2020-07-22 17:13:23,755  185 185 185
2020-07-22 17:13:24,274  186 186 186
2020-07-22 17:13:24,815  187 187 187
2020-07-22 17:13:25,338  188 188 188
2020-07-22 17:13:25,873  189 189 189
2020-07-22 17:13:26,395  190 190 190
2020-07-22 17:13:26,914  191 191 191
2020-07-22 17:13:27,421  192 192 192
2020-07-22 17:13:27,933  193 193 193
2020-07-22 17:13:28,443  194 194 194
2020-07-22 17:13:28,957  195 195 195
2020-07-22 17:13:29,474  196 196 196
2020-07-22 17:13:30,424  197 197 197
2020-07-22 17:13:31,269  198 198 198
2020-07-22 17:13:31,855  199 199 199
2020-07-22 17:13:32,388  200 200 200
2020-07-22 17:13:32,913  201 201 201
2020-07-22 17:13:33,447  202 202 202
2020-07-22 17:13:34,156  203 203 203
2020-07-22 17:13:34,753  204 204 204
2020-07-22 17:13:35,341  205 205 205
2020-07-22 17:13:35,864  206 206 206
2020-07-22 17:13:36,390  207 207 207
2020-07-22 17:13:36,925  208 208 208
2020-07-22 17:13:37,459  209 209 209
2020-07-22 17:13:38,044  210 210 210
2020-07-22 17:13:38,681  211 211 211
2020-07-22 17:13:39,207  212 212 212
2020-07-22 17:13:39,730  213 213 213
2020-07-22 17:13:40,246  214 214 214
2020-07-22 17:13:40,783  215 215 215
2020-07-22 17:13:41,309  216 216 216
2020-07-22 17:13:41,811  217 217 217
2020-07-22 17:13:42,329  218 218 218
2020-07-22 17:13:42,835  219 219 219
2020-07-22 17:13:43,354  220 220 220
2020-07-22 17:13:44,238  221 221 221
2020-07-22 17:13:44,746  222 222 222
2020-07-22 17:13:45,229  223 223 223
2020-07-22 17:13:45,744  224 224 224
2020-07-22 17:13:46,544  225 225 225
2020-07-22 17:13:47,090  226 226 226
2020-07-22 17:13:47,641  227 227 227
2020-07-22 17:13:48,156  228 228 228
2020-07-22 17:13:48,676  229 229 229
2020-07-22 17:13:49,199  230 230 230
2020-07-22 17:13:49,709  231 231 231
2020-07-22 17:13:50,226  232 232 232
2020-07-22 17:13:50,740  233 233 233
2020-07-22 17:13:51,253  234 234 234
2020-07-22 17:13:51,759  235 235 235
2020-07-22 17:13:52,277  236 236 236
2020-07-22 17:13:52,789  237 237 237
2020-07-22 17:13:53,306  238 238 238
2020-07-22 17:13:53,814  239 239 239
2020-07-22 17:13:54,336  240 240 240
2020-07-22 17:13:54,853  241 241 241
2020-07-22 17:13:55,375  242 242 242
2020-07-22 17:13:55,887  243 243 243
2020-07-22 17:13:56,412  244 244 244
2020-07-22 17:13:56,930  245 245 245
2020-07-22 17:13:57,451  246 246 246
2020-07-22 17:13:57,979  247 247 247
2020-07-22 17:13:58,511  248 248 248
2020-07-22 17:13:59,046  249 249 249
2020-07-22 17:13:59,563  250 250 250
2020-07-22 17:14:00,084  251 251 251
2020-07-22 17:14:00,600  252 252 252
2020-07-22 17:14:01,127  253 253 253
2020-07-22 17:14:01,653  254 254 254
2020-07-22 17:14:02,171  255 255 255
2020-07-22 17:14:02,687  256 256 256
2020-07-22 17:14:03,210  257 257 257
2020-07-22 17:14:03,732  258 258 258
2020-07-22 17:14:04,244  259 259 259
2020-07-22 17:14:04,766  260 260 260
2020-07-22 17:14:05,294  261 261 261
2020-07-22 17:14:08,970  Signal R2S1 prediction takes 3.1623098850250244
2020-07-22 17:17:24,845  listen start at Wed Jul 22 17:17:24 2020
2020-07-22 17:17:38,454  1 1 1
2020-07-22 17:17:39,194  2 2 2
2020-07-22 17:17:39,727  3 3 3
2020-07-22 17:17:40,246  4 4 4
2020-07-22 17:17:40,755  5 5 5
2020-07-22 17:17:41,292  6 6 6
2020-07-22 17:17:41,822  7 7 7
2020-07-22 17:17:42,338  8 8 8
2020-07-22 17:17:42,852  9 9 9
2020-07-22 17:17:43,370  10 10 10
2020-07-22 17:17:43,895  11 11 11
2020-07-22 17:17:44,408  12 12 12
2020-07-22 17:17:44,932  13 13 13
2020-07-22 17:17:45,444  14 14 14
2020-07-22 17:17:45,956  15 15 15
2020-07-22 17:17:46,471  16 16 16
2020-07-22 17:17:46,984  17 17 17
2020-07-22 17:17:47,494  18 18 18
2020-07-22 17:17:48,005  19 19 19
2020-07-22 17:17:48,519  20 20 20
2020-07-22 17:17:49,027  21 21 21
2020-07-22 17:17:49,539  22 22 22
2020-07-22 17:17:50,042  23 23 23
2020-07-22 17:17:50,811  24 24 24
2020-07-22 17:17:51,298  25 25 25
2020-07-22 17:17:51,802  26 26 26
2020-07-22 17:17:52,322  27 27 27
2020-07-22 17:17:52,832  28 28 28
2020-07-22 17:17:53,338  29 29 29
2020-07-22 17:17:53,852  30 30 30
2020-07-22 17:17:54,352  31 31 31
2020-07-22 17:17:54,872  32 32 32
2020-07-22 17:17:55,391  33 33 33
2020-07-22 17:17:55,898  34 34 34
2020-07-22 17:17:56,407  35 35 35
2020-07-22 17:17:56,912  36 36 36
2020-07-22 17:17:57,417  37 37 37
2020-07-22 17:17:57,920  38 38 38
2020-07-22 17:17:58,431  39 39 39
2020-07-22 17:17:58,939  40 40 40
2020-07-22 17:17:59,457  41 41 41
2020-07-22 17:17:59,980  42 42 42
2020-07-22 17:18:00,498  43 43 43
2020-07-22 17:18:01,010  44 44 44
2020-07-22 17:18:01,531  45 45 45
2020-07-22 17:18:02,047  46 46 46
2020-07-22 17:18:02,561  47 47 47
2020-07-22 17:18:03,069  48 48 48
2020-07-22 17:18:03,576  49 49 49
2020-07-22 17:18:04,101  50 50 50
2020-07-22 17:18:04,614  51 51 51
2020-07-22 17:18:05,128  52 52 52
2020-07-22 17:18:05,656  53 53 53
2020-07-22 17:18:06,160  54 54 54
2020-07-22 17:18:06,669  55 55 55
2020-07-22 17:18:07,203  56 56 56
2020-07-22 17:18:07,712  57 57 57
2020-07-22 17:18:08,231  58 58 58
2020-07-22 17:18:08,740  59 59 59
2020-07-22 17:18:09,249  60 60 60
2020-07-22 17:18:09,784  61 61 61
2020-07-22 17:18:10,305  62 62 62
2020-07-22 17:18:10,814  63 63 63
2020-07-22 17:18:11,325  64 64 64
2020-07-22 17:18:11,834  65 65 65
2020-07-22 17:18:12,366  66 66 66
2020-07-22 17:18:12,881  67 67 67
2020-07-22 17:18:13,405  68 68 68
2020-07-22 17:18:13,922  69 69 69
2020-07-22 17:18:14,435  70 70 70
2020-07-22 17:18:14,941  71 71 71
2020-07-22 17:18:15,451  72 72 72
2020-07-22 17:18:15,959  73 73 73
2020-07-22 17:18:16,479  74 74 74
2020-07-22 17:18:16,991  75 75 75
2020-07-22 17:18:17,517  76 76 76
2020-07-22 17:18:18,030  77 77 77
2020-07-22 17:18:18,553  78 78 78
2020-07-22 17:18:19,064  79 79 79
2020-07-22 17:18:19,589  80 80 80
2020-07-22 17:18:20,107  81 81 81
2020-07-22 17:18:20,632  82 82 82
2020-07-22 17:18:21,157  83 83 83
2020-07-22 17:18:21,675  84 84 84
2020-07-22 17:18:22,188  85 85 85
2020-07-22 17:18:22,706  86 86 86
2020-07-22 17:18:23,220  87 87 87
2020-07-22 17:18:23,746  88 88 88
2020-07-22 17:18:24,269  89 89 89
2020-07-22 17:18:24,779  90 90 90
2020-07-22 17:18:25,289  91 91 91
2020-07-22 17:18:25,800  92 92 92
2020-07-22 17:18:26,318  93 93 93
2020-07-22 17:18:26,850  94 94 94
2020-07-22 17:18:27,374  95 95 95
2020-07-22 17:18:27,888  96 96 96
2020-07-22 17:18:28,409  97 97 97
2020-07-22 17:18:28,924  98 98 98
2020-07-22 17:18:29,454  99 99 99
2020-07-22 17:18:29,970  100 100 100
2020-07-22 17:18:30,496  101 101 101
2020-07-22 17:18:31,015  102 102 102
2020-07-22 17:18:31,533  103 103 103
2020-07-22 17:18:32,058  104 104 104
2020-07-22 17:18:32,576  105 105 105
2020-07-22 17:18:33,095  106 106 106
2020-07-22 17:18:33,607  107 107 107
2020-07-22 17:18:34,134  108 108 108
2020-07-22 17:18:34,651  109 109 109
2020-07-22 17:18:35,168  110 110 110
2020-07-22 17:18:35,686  111 111 111
2020-07-22 17:18:36,198  112 112 112
2020-07-22 17:18:36,716  113 113 113
2020-07-22 17:18:37,231  114 114 114
2020-07-22 17:18:37,746  115 115 115
2020-07-22 17:18:38,292  116 116 116
2020-07-22 17:18:38,825  117 117 117
2020-07-22 17:18:39,337  118 118 118
2020-07-22 17:18:39,863  119 119 119
2020-07-22 17:18:40,382  120 120 120
2020-07-22 17:18:40,892  121 121 121
2020-07-22 17:18:41,411  122 122 122
2020-07-22 17:18:41,945  123 123 123
2020-07-22 17:18:42,464  124 124 124
2020-07-22 17:18:43,003  125 125 125
2020-07-22 17:18:43,519  126 126 126
2020-07-22 17:18:44,042  127 127 127
2020-07-22 17:18:44,560  128 128 128
2020-07-22 17:18:45,073  129 129 129
2020-07-22 17:18:45,581  130 130 130
2020-07-22 17:18:46,103  131 131 131
2020-07-22 17:18:46,616  132 132 132
2020-07-22 17:18:47,134  133 133 133
2020-07-22 17:18:47,643  134 134 134
2020-07-22 17:18:48,179  135 135 135
2020-07-22 17:18:48,703  136 136 136
2020-07-22 17:18:49,229  137 137 137
2020-07-22 17:18:49,754  138 138 138
2020-07-22 17:18:50,271  139 139 139
2020-07-22 17:18:50,789  140 140 140
2020-07-22 17:18:51,309  141 141 141
2020-07-22 17:18:51,833  142 142 142
2020-07-22 17:18:52,351  143 143 143
2020-07-22 17:18:52,866  144 144 144
2020-07-22 17:18:53,382  145 145 145
2020-07-22 17:18:53,899  146 146 146
2020-07-22 17:18:54,437  147 147 147
2020-07-22 17:18:54,966  148 148 148
2020-07-22 17:18:55,480  149 149 149
2020-07-22 17:18:55,989  150 150 150
2020-07-22 17:18:56,508  151 151 151
2020-07-22 17:18:57,025  152 152 152
2020-07-22 17:18:57,541  153 153 153
2020-07-22 17:18:58,058  154 154 154
2020-07-22 17:18:58,590  155 155 155
2020-07-22 17:18:59,108  156 156 156
2020-07-22 17:18:59,632  157 157 157
2020-07-22 17:19:00,150  158 158 158
2020-07-22 17:19:00,669  159 159 159
2020-07-22 17:19:01,189  160 160 160
2020-07-22 17:19:01,702  161 161 161
2020-07-22 17:19:02,222  162 162 162
2020-07-22 17:19:02,734  163 163 163
2020-07-22 17:19:03,250  164 164 164
2020-07-22 17:19:03,808  165 165 165
2020-07-22 17:19:04,380  166 166 166
2020-07-22 17:19:04,908  167 167 167
2020-07-22 17:19:05,418  168 168 168
2020-07-22 17:19:06,051  169 169 169
2020-07-22 17:19:06,588  170 170 170
2020-07-22 17:19:07,108  171 171 171
2020-07-22 17:19:07,631  172 172 172
2020-07-22 17:19:08,148  173 173 173
2020-07-22 17:19:08,672  174 174 174
2020-07-22 17:19:09,203  175 175 175
2020-07-22 17:19:09,727  176 176 176
2020-07-22 17:19:10,259  177 177 177
2020-07-22 17:19:10,781  178 178 178
2020-07-22 17:19:11,302  179 179 179
2020-07-22 17:19:11,820  180 180 180
2020-07-22 17:19:12,338  181 181 181
2020-07-22 17:19:12,866  182 182 182
2020-07-22 17:19:13,381  183 183 183
2020-07-22 17:19:13,912  184 184 184
2020-07-22 17:19:14,535  185 185 185
2020-07-22 17:19:15,061  186 186 186
2020-07-22 17:19:15,588  187 187 187
2020-07-22 17:19:16,113  188 188 188
2020-07-22 17:19:16,678  189 189 189
2020-07-22 17:19:17,190  190 190 190
2020-07-22 17:19:17,713  191 191 191
2020-07-22 17:19:18,234  192 192 192
2020-07-22 17:19:18,779  193 193 193
2020-07-22 17:19:19,317  194 194 194
2020-07-22 17:19:19,834  195 195 195
2020-07-22 17:19:20,347  196 196 196
2020-07-22 17:19:20,887  197 197 197
2020-07-22 17:19:21,408  198 198 198
2020-07-22 17:19:21,926  199 199 199
2020-07-22 17:19:22,451  200 200 200
2020-07-22 17:19:22,969  201 201 201
2020-07-22 17:19:24,403  202 202 202
2020-07-22 17:19:27,436  203 203 203
2020-07-22 17:19:28,151  204 204 204
2020-07-22 17:19:28,726  205 205 205
2020-07-22 17:19:29,346  206 206 206
2020-07-22 17:19:29,999  207 207 207
2020-07-22 17:19:30,658  208 208 208
2020-07-22 17:19:31,427  209 209 209
2020-07-22 17:19:31,950  210 210 210
2020-07-22 17:19:32,471  211 211 211
2020-07-22 17:19:32,996  212 212 212
2020-07-22 17:19:33,519  213 213 213
2020-07-22 17:19:34,042  214 214 214
2020-07-22 17:19:34,580  215 215 215
2020-07-22 17:19:35,150  216 216 216
2020-07-22 17:19:35,720  217 217 217
2020-07-22 17:19:36,266  218 218 218
2020-07-22 17:19:36,800  219 219 219
2020-07-22 17:19:37,325  220 220 220
2020-07-22 17:19:37,858  221 221 221
2020-07-22 17:19:38,396  222 222 222
2020-07-22 17:19:38,919  223 223 223
2020-07-22 17:19:39,501  224 224 224
2020-07-22 17:19:40,025  225 225 225
2020-07-22 17:19:40,552  226 226 226
2020-07-22 17:19:41,628  227 227 227
2020-07-22 17:19:42,150  228 228 228
2020-07-22 17:19:42,676  229 229 229
2020-07-22 17:19:43,420  230 230 230
2020-07-22 17:19:44,101  231 231 231
2020-07-22 17:19:44,630  232 232 232
2020-07-22 17:19:45,144  233 233 233
2020-07-22 17:19:45,636  234 234 234
2020-07-22 17:19:46,168  235 235 235
2020-07-22 17:19:46,697  236 236 236
2020-07-22 17:19:47,219  237 237 237
2020-07-22 17:19:47,713  238 238 238
2020-07-22 17:19:48,257  239 239 239
2020-07-22 17:19:48,839  240 240 240
2020-07-22 17:19:49,378  241 241 241
2020-07-22 17:19:49,888  242 242 242
2020-07-22 17:19:50,416  243 243 243
2020-07-22 17:19:50,966  244 244 244
2020-07-22 17:19:51,492  245 245 245
2020-07-22 17:19:52,005  246 246 246
2020-07-22 17:19:52,534  247 247 247
2020-07-22 17:19:53,060  248 248 248
2020-07-22 17:19:53,582  249 249 249
2020-07-22 17:19:54,101  250 250 250
2020-07-22 17:19:54,631  251 251 251
2020-07-22 17:19:55,157  252 252 252
2020-07-22 17:19:55,674  253 253 253
2020-07-22 17:19:56,193  254 254 254
2020-07-22 17:19:56,708  255 255 255
2020-07-22 17:19:57,263  256 256 256
2020-07-22 17:19:57,781  257 257 257
2020-07-22 17:19:58,307  258 258 258
2020-07-22 17:19:58,828  259 259 259
2020-07-22 17:19:59,360  260 260 260
2020-07-22 17:19:59,911  261 261 261
2020-07-22 17:20:03,077  Signal R2S1 prediction takes 2.629289150238037
2020-07-22 17:20:04,249  Signal R2S2 prediction takes 1.1706335544586182
2020-07-22 17:20:05,341  Signal R2S3 prediction takes 1.0900726318359375
2020-07-22 17:20:05,343  prior_idx3 count261
2020-07-22 17:20:05,345  262 262 262
2020-07-22 17:20:05,663  Signal R2S1 prediction takes 0.3178243637084961
2020-07-22 17:20:05,982  Signal R2S2 prediction takes 0.31690430641174316
2020-07-22 17:20:50,441  listen start at Wed Jul 22 17:20:50 2020
